kernel_name = _Z22bpnn_layerforward_CUDAPfS_S_S_ii 
kernel_launch_uid = 1 

Kernel Average Power Data:
kernel_avg_power = 83.8674
gpu_avg_IBP, = 0.0315116
gpu_avg_ICP, = 0
gpu_avg_DCP, = 0
gpu_avg_TCP, = 0
gpu_avg_CCP, = 0
gpu_avg_SHRDP, = 0.47714
gpu_avg_RFP, = 4.7998
gpu_avg_INTP, = 0.392697
gpu_avg_FPUP, = 1.10685
gpu_avg_DPUP, = 0
gpu_avg_INT_MUL24P, = 0
gpu_avg_INT_MUL32P, = 0.136273
gpu_avg_INT_MULP, = 0
gpu_avg_INT_DIVP, = 5.05251
gpu_avg_FP_MULP, = 0.26211
gpu_avg_FP_DIVP, = 0
gpu_avg_FP_SQRTP, = 0
gpu_avg_FP_LGP, = 0.291182
gpu_avg_FP_SINP, = 0
gpu_avg_FP_EXP, = 0.692558
gpu_avg_DP_MULP, = 0
gpu_avg_DP_DIVP, = 0
gpu_avg_TENSORP, = 0
gpu_avg_TEXP, = 0
gpu_avg_SCHEDP, = 0.413908
gpu_avg_L2CP, = 0.285018
gpu_avg_MCP, = 0.621378
gpu_avg_NOCP, = 1.08956
gpu_avg_DRAMP, = 2.2843
gpu_avg_PIPEP, = 0.0155896
gpu_avg_IDLE_COREP, = 0.0365724
gpu_avg_CONSTP = 32.3252
gpu_avg_STATICP = 33.5532
gpu_avg_TOT_INST, = 9457.69
gpu_avg_FP_INT, = 8605.09
gpu_avg_IC_H, = 0
gpu_avg_IC_M, = 0
gpu_avg_DC_RH, = 0
gpu_avg_DC_RM, = 0
gpu_avg_DC_WH, = 0
gpu_avg_DC_WM, = 0
gpu_avg_TC_H, = 0
gpu_avg_TC_M, = 0
gpu_avg_CC_H, = 0
gpu_avg_CC_M, = 0
gpu_avg_SHRD_ACC, = 887.76
gpu_avg_REG_RD, = 301239
gpu_avg_REG_WR, = 211725
gpu_avg_NON_REG_OPs, = 106601
gpu_avg_INT_ACC, = 300010
gpu_avg_FPU_ACC, = 20715.5
gpu_avg_DPU_ACC, = 0
gpu_avg_INT_MUL24_ACC, = 0
gpu_avg_INT_MUL32_ACC, = 1243.35
gpu_avg_INT_MUL_ACC, = 0
gpu_avg_INT_DIV_ACC, = 46098.7
gpu_avg_FP_MUL_ACC, = 2391.47
gpu_avg_FP_DIV_ACC, = 0
gpu_avg_FP_SQRT_ACC, = 0
gpu_avg_FP_LG_ACC, = 2656.72
gpu_avg_FP_SIN_ACC, = 0
gpu_avg_FP_EXP_ACC, = 6318.85
gpu_avg_DP_MUL_ACC, = 0
gpu_avg_DP_DIV_ACC, = 0
gpu_avg_TENSOR_ACC, = 0
gpu_avg_TEX_ACC, = 0
gpu_avg_MEM_RD, = 305.738
gpu_avg_MEM_WR, = 116.914
gpu_avg_MEM_PRE, = 28.53
gpu_avg_L2_RH, = 133.747
gpu_avg_L2_RM, = 305.738
gpu_avg_L2_WH, = 351.33
gpu_avg_L2_WM, = 70.2661
gpu_avg_NOC_A, = 1722.45
gpu_avg_PIPE_A, = 0.293172
gpu_avg_IDLE_CORE_N, = 0.129326
gpu_avg_constant_power = 0
gpu_avg_threads_per_warp = 25.7055
gpu_tot_TOT_INST, = 4.40728e+06
gpu_tot_FP_INT, = 4.00997e+06
gpu_tot_IC_H, = 0
gpu_tot_IC_M, = 0
gpu_tot_DC_RH, = 0
gpu_tot_DC_RM, = 0
gpu_tot_DC_WH, = 0
gpu_tot_DC_WM, = 0
gpu_tot_TC_H, = 0
gpu_tot_TC_M, = 0
gpu_tot_CC_H, = 0
gpu_tot_CC_M, = 0
gpu_tot_SHRD_ACC, = 413696
gpu_tot_REG_RD, = 1.40378e+08
gpu_tot_REG_WR, = 9.86637e+07
gpu_tot_NON_REG_OPs, = 4.96763e+07
gpu_tot_INT_ACC, = 1.39805e+08
gpu_tot_FPU_ACC, = 9.65341e+06
gpu_tot_DPU_ACC, = 0
gpu_tot_INT_MUL24_ACC, = 0
gpu_tot_INT_MUL32_ACC, = 579400
gpu_tot_INT_MUL_ACC, = 0
gpu_tot_INT_DIV_ACC, = 2.1482e+07
gpu_tot_FP_MUL_ACC, = 1.11442e+06
gpu_tot_FP_DIV_ACC, = 0
gpu_tot_FP_SQRT_ACC, = 0
gpu_tot_FP_LG_ACC, = 1.23803e+06
gpu_tot_FP_SIN_ACC, = 0
gpu_tot_FP_EXP_ACC, = 2.94458e+06
gpu_tot_DP_MUL_ACC, = 0
gpu_tot_DP_DIV_ACC, = 0
gpu_tot_TENSOR_ACC, = 0
gpu_tot_TEX_ACC, = 0
gpu_tot_MEM_RD, = 142474
gpu_tot_MEM_WR, = 54482
gpu_tot_MEM_PRE, = 13295
gpu_tot_L2_RH, = 62326
gpu_tot_L2_RM, = 142474
gpu_tot_L2_WH, = 163720
gpu_tot_L2_WM, = 32744
gpu_tot_NOC_A, = 802664
gpu_tot_PIPE_A, = 136.618
gpu_tot_IDLE_CORE_N, = 60.266
gpu_tot_constant_power = 0

Kernel Maximum Power Data:
kernel_max_power = 90.5368
gpu_max_IBP, = 0.0199445
gpu_max_ICP, = 0
gpu_max_DCP, = 0
gpu_max_TCP, = 0
gpu_max_CCP, = 0
gpu_max_SHRDP, = 0.599811
gpu_max_RFP, = 3.73216
gpu_max_INTP, = 0.320209
gpu_max_FPUP, = 0.69837
gpu_max_DPUP, = 0
gpu_max_INT_MUL24P, = 0
gpu_max_INT_MUL32P, = 0.347284
gpu_max_INT_MULP, = 0
gpu_max_INT_DIVP, = 1.41909
gpu_max_FP_MULP, = 0.246761
gpu_max_FP_DIVP, = 0
gpu_max_FP_SQRTP, = 0
gpu_max_FP_LGP, = 0.617002
gpu_max_FP_SINP, = 0
gpu_max_FP_EXP, = 0.278234
gpu_max_DP_MULP, = 0
gpu_max_DP_DIVP, = 0
gpu_max_TENSORP, = 0
gpu_max_TEXP, = 0
gpu_max_SCHEDP, = 0.258059
gpu_max_L2CP, = 0.0811088
gpu_max_MCP, = 0.793312
gpu_max_NOCP, = 2.02357
gpu_max_DRAMP, = 9.30547
gpu_max_PIPEP, = 0.0127496
gpu_max_IDLE_COREP, = 0
gpu_max_CONSTP = 32.3252
gpu_max_STATICP = 37.4584
gpu_max_TOT_INST, = 5986
gpu_max_FP_INT, = 5365
gpu_max_IC_H, = 0
gpu_max_IC_M, = 0
gpu_max_DC_RH, = 0
gpu_max_DC_RM, = 0
gpu_max_DC_WH, = 0
gpu_max_DC_WM, = 0
gpu_max_TC_H, = 0
gpu_max_TC_M, = 0
gpu_max_CC_H, = 0
gpu_max_CC_M, = 0
gpu_max_SHRD_ACC, = 1116
gpu_max_REG_RD, = 220576
gpu_max_REG_WR, = 187040
gpu_max_NON_REG_OPs, = 81952
gpu_max_INT_ACC, = 244631
gpu_max_FPU_ACC, = 13070.5
gpu_max_DPU_ACC, = 0
gpu_max_INT_MUL24_ACC, = 0
gpu_max_INT_MUL32_ACC, = 3168.6
gpu_max_INT_MUL_ACC, = 0
gpu_max_INT_DIV_ACC, = 12947.7
gpu_max_FP_MUL_ACC, = 2251.43
gpu_max_FP_DIV_ACC, = 0
gpu_max_FP_SQRT_ACC, = 0
gpu_max_FP_LG_ACC, = 5629.49
gpu_max_FP_SIN_ACC, = 0
gpu_max_FP_EXP_ACC, = 2538.59
gpu_max_DP_MUL_ACC, = 0
gpu_max_DP_DIV_ACC, = 0
gpu_max_TENSOR_ACC, = 0
gpu_max_TEX_ACC, = 0
gpu_max_MEM_RD, = 1529
gpu_max_MEM_WR, = 0
gpu_max_MEM_PRE, = 0
gpu_max_L2_RH, = 366
gpu_max_L2_RM, = 1544
gpu_max_L2_WH, = 0
gpu_max_L2_WM, = 0
gpu_max_NOC_A, = 3199
gpu_max_PIPE_A, = 0.239763
gpu_max_IDLE_CORE_N, = 0
gpu_max_constant_power = 0

Kernel Minimum Power Data:
kernel_min_power = 34.5722
gpu_min_IBP, = 0
gpu_min_ICP, = 0
gpu_min_DCP, = 0
gpu_min_TCP, = 0
gpu_min_CCP, = 0
gpu_min_SHRDP, = 0
gpu_min_RFP, = 0
gpu_min_INTP, = 0
gpu_min_FPUP, = 0
gpu_min_DPUP, = 0
gpu_min_INT_MUL24P, = 0
gpu_min_INT_MUL32P, = 0
gpu_min_INT_MULP, = 0
gpu_min_INT_DIVP, = 0
gpu_min_FP_MULP, = 0
gpu_min_FP_DIVP, = 0
gpu_min_FP_SQRTP, = 0
gpu_min_FP_LGP, = 0
gpu_min_FP_SINP, = 0
gpu_min_FP_EXP, = 0
gpu_min_DP_MULP, = 0
gpu_min_DP_DIVP, = 0
gpu_min_TENSORP, = 0
gpu_min_TEXP, = 0
gpu_min_SCHEDP, = 0
gpu_min_L2CP, = 0
gpu_min_MCP, = 0.55022
gpu_min_NOCP, = 0
gpu_min_DRAMP, = 0
gpu_min_PIPEP, = 0
gpu_min_IDLE_COREP, = 1.69675
gpu_min_CONSTP = 32.3252
gpu_min_STATICP = 0
gpu_min_TOT_INST, = 0
gpu_min_FP_INT, = 0
gpu_min_IC_H, = 0
gpu_min_IC_M, = 0
gpu_min_DC_RH, = 0
gpu_min_DC_RM, = 0
gpu_min_DC_WH, = 0
gpu_min_DC_WM, = 0
gpu_min_TC_H, = 0
gpu_min_TC_M, = 0
gpu_min_CC_H, = 0
gpu_min_CC_M, = 0
gpu_min_SHRD_ACC, = 0
gpu_min_REG_RD, = 0
gpu_min_REG_WR, = 0
gpu_min_NON_REG_OPs, = 0
gpu_min_INT_ACC, = 0
gpu_min_FPU_ACC, = 0
gpu_min_DPU_ACC, = 0
gpu_min_INT_MUL24_ACC, = 0
gpu_min_INT_MUL32_ACC, = 0
gpu_min_INT_MUL_ACC, = 0
gpu_min_INT_DIV_ACC, = 0
gpu_min_FP_MUL_ACC, = 0
gpu_min_FP_DIV_ACC, = 0
gpu_min_FP_SQRT_ACC, = 0
gpu_min_FP_LG_ACC, = 0
gpu_min_FP_SIN_ACC, = 0
gpu_min_FP_EXP_ACC, = 0
gpu_min_DP_MUL_ACC, = 0
gpu_min_DP_DIV_ACC, = 0
gpu_min_TENSOR_ACC, = 0
gpu_min_TEX_ACC, = 0
gpu_min_MEM_RD, = 0
gpu_min_MEM_WR, = 0
gpu_min_MEM_PRE, = 0
gpu_min_L2_RH, = 0
gpu_min_L2_RM, = 0
gpu_min_L2_WH, = 0
gpu_min_L2_WM, = 0
gpu_min_NOC_A, = 0
gpu_min_PIPE_A, = 0
gpu_min_IDLE_CORE_N, = 6
gpu_min_constant_power = 0

Accumulative Power Statistics Over Previous Kernels:
gpu_tot_avg_power = 83.8674
gpu_tot_max_power = 90.5368
gpu_tot_min_power = 34.5722


kernel_name = _Z24bpnn_adjust_weights_cudaPfiS_iS_S_ 
kernel_launch_uid = 2 

Kernel Average Power Data:
kernel_avg_power = 82.5067
gpu_avg_IBP, = 0.00825987
gpu_avg_ICP, = 0
gpu_avg_DCP, = 0
gpu_avg_TCP, = 0
gpu_avg_CCP, = 0
gpu_avg_SHRDP, = 0
gpu_avg_RFP, = 1.60815
gpu_avg_INTP, = 0.110075
gpu_avg_FPUP, = 0.10968
gpu_avg_DPUP, = 0.457965
gpu_avg_INT_MUL24P, = 0
gpu_avg_INT_MUL32P, = 0.159726
gpu_avg_INT_MULP, = 0
gpu_avg_INT_DIVP, = 0
gpu_avg_FP_MULP, = 0
gpu_avg_FP_DIVP, = 0
gpu_avg_FP_SQRTP, = 0
gpu_avg_FP_LGP, = 0
gpu_avg_FP_SINP, = 0
gpu_avg_FP_EXP, = 0
gpu_avg_DP_MULP, = 0.268014
gpu_avg_DP_DIVP, = 0
gpu_avg_TENSORP, = 0
gpu_avg_TEXP, = 0
gpu_avg_SCHEDP, = 0.114908
gpu_avg_L2CP, = 0.386497
gpu_avg_MCP, = 0.661348
gpu_avg_NOCP, = 1.91037
gpu_avg_DRAMP, = 3.34554
gpu_avg_PIPEP, = 0.00539283
gpu_avg_IDLE_COREP, = 0.0240105
gpu_avg_CONSTP = 32.3252
gpu_avg_STATICP = 41.0115
gpu_avg_TOT_INST, = 2479.06
gpu_avg_FP_INT, = 2388.91
gpu_avg_IC_H, = 0
gpu_avg_IC_M, = 0
gpu_avg_DC_RH, = 0
gpu_avg_DC_RM, = 0
gpu_avg_DC_WH, = 0
gpu_avg_DC_WM, = 0
gpu_avg_TC_H, = 0
gpu_avg_TC_M, = 0
gpu_avg_CC_H, = 0
gpu_avg_CC_M, = 0
gpu_avg_SHRD_ACC, = 0
gpu_avg_REG_RD, = 85099.7
gpu_avg_REG_WR, = 85456.5
gpu_avg_NON_REG_OPs, = 36058.8
gpu_avg_INT_ACC, = 84094.5
gpu_avg_FPU_ACC, = 2052.73
gpu_avg_DPU_ACC, = 8571.16
gpu_avg_INT_MUL24_ACC, = 0
gpu_avg_INT_MUL32_ACC, = 1457.33
gpu_avg_INT_MUL_ACC, = 0
gpu_avg_INT_DIV_ACC, = 0
gpu_avg_FP_MUL_ACC, = 0
gpu_avg_FP_DIV_ACC, = 0
gpu_avg_FP_SQRT_ACC, = 0
gpu_avg_FP_LG_ACC, = 0
gpu_avg_FP_SIN_ACC, = 0
gpu_avg_FP_EXP_ACC, = 0
gpu_avg_DP_MUL_ACC, = 2445.34
gpu_avg_DP_DIV_ACC, = 0
gpu_avg_TENSOR_ACC, = 0
gpu_avg_TEX_ACC, = 0
gpu_avg_MEM_RD, = 393.516
gpu_avg_MEM_WR, = 251.791
gpu_avg_MEM_PRE, = 99.5158
gpu_avg_L2_RH, = 665.718
gpu_avg_L2_RM, = 393.516
gpu_avg_L2_WH, = 450.803
gpu_avg_L2_WM, = 0.0330124
gpu_avg_NOC_A, = 3020.05
gpu_avg_PIPE_A, = 0.101415
gpu_avg_IDLE_CORE_N, = 0.0849051
gpu_avg_constant_power = 0
gpu_avg_threads_per_warp = 31.5597
gpu_tot_TOT_INST, = 1.80228e+06
gpu_tot_FP_INT, = 1.73674e+06
gpu_tot_IC_H, = 0
gpu_tot_IC_M, = 0
gpu_tot_DC_RH, = 0
gpu_tot_DC_RM, = 0
gpu_tot_DC_WH, = 0
gpu_tot_DC_WM, = 0
gpu_tot_TC_H, = 0
gpu_tot_TC_M, = 0
gpu_tot_CC_H, = 0
gpu_tot_CC_M, = 0
gpu_tot_SHRD_ACC, = 0
gpu_tot_REG_RD, = 6.18675e+07
gpu_tot_REG_WR, = 6.21269e+07
gpu_tot_NON_REG_OPs, = 2.62148e+07
gpu_tot_INT_ACC, = 6.11367e+07
gpu_tot_FPU_ACC, = 1.49234e+06
gpu_tot_DPU_ACC, = 6.23123e+06
gpu_tot_INT_MUL24_ACC, = 0
gpu_tot_INT_MUL32_ACC, = 1.05948e+06
gpu_tot_INT_MUL_ACC, = 0
gpu_tot_INT_DIV_ACC, = 0
gpu_tot_FP_MUL_ACC, = 0
gpu_tot_FP_DIV_ACC, = 0
gpu_tot_FP_SQRT_ACC, = 0
gpu_tot_FP_LG_ACC, = 0
gpu_tot_FP_SIN_ACC, = 0
gpu_tot_FP_EXP_ACC, = 0
gpu_tot_DP_MUL_ACC, = 1.77776e+06
gpu_tot_DP_DIV_ACC, = 0
gpu_tot_TENSOR_ACC, = 0
gpu_tot_TEX_ACC, = 0
gpu_tot_MEM_RD, = 286086
gpu_tot_MEM_WR, = 183052
gpu_tot_MEM_PRE, = 72348
gpu_tot_L2_RH, = 483977
gpu_tot_L2_RM, = 286086
gpu_tot_L2_WH, = 327734
gpu_tot_L2_WM, = 24
gpu_tot_NOC_A, = 2.19557e+06
gpu_tot_PIPE_A, = 73.7288
gpu_tot_IDLE_CORE_N, = 61.726
gpu_tot_constant_power = 0

Kernel Maximum Power Data:
kernel_max_power = 94.3333
gpu_max_IBP, = 0.00847624
gpu_max_ICP, = 0
gpu_max_DCP, = 0
gpu_max_TCP, = 0
gpu_max_CCP, = 0
gpu_max_SHRDP, = 0
gpu_max_RFP, = 1.63315
gpu_max_INTP, = 0.0504232
gpu_max_FPUP, = 0.137484
gpu_max_DPUP, = 0.754412
gpu_max_INT_MUL24P, = 0
gpu_max_INT_MUL32P, = 0.000885929
gpu_max_INT_MULP, = 0
gpu_max_INT_DIVP, = 0
gpu_max_FP_MULP, = 0
gpu_max_FP_DIVP, = 0
gpu_max_FP_SQRTP, = 0
gpu_max_FP_LGP, = 0
gpu_max_FP_SINP, = 0
gpu_max_FP_EXP, = 0
gpu_max_DP_MULP, = 0.681827
gpu_max_DP_DIVP, = 0
gpu_max_TENSORP, = 0
gpu_max_TEXP, = 0
gpu_max_SCHEDP, = 0.122367
gpu_max_L2CP, = 0.0987038
gpu_max_MCP, = 0.880596
gpu_max_NOCP, = 3.29566
gpu_max_DRAMP, = 12.7061
gpu_max_PIPEP, = 0.00509158
gpu_max_IDLE_COREP, = 0
gpu_max_CONSTP = 32.3252
gpu_max_STATICP = 41.6329
gpu_max_TOT_INST, = 2544
gpu_max_FP_INT, = 2544
gpu_max_IC_H, = 0
gpu_max_IC_M, = 0
gpu_max_DC_RH, = 0
gpu_max_DC_RM, = 0
gpu_max_DC_WH, = 0
gpu_max_DC_WM, = 0
gpu_max_TC_H, = 0
gpu_max_TC_M, = 0
gpu_max_CC_H, = 0
gpu_max_CC_M, = 0
gpu_max_SHRD_ACC, = 0
gpu_max_REG_RD, = 115936
gpu_max_REG_WR, = 132640
gpu_max_NON_REG_OPs, = 26880
gpu_max_INT_ACC, = 38522
gpu_max_FPU_ACC, = 2573.11
gpu_max_DPU_ACC, = 14119.4
gpu_max_INT_MUL24_ACC, = 0
gpu_max_INT_MUL32_ACC, = 8.08315
gpu_max_INT_MUL_ACC, = 0
gpu_max_INT_DIV_ACC, = 0
gpu_max_FP_MUL_ACC, = 0
gpu_max_FP_DIV_ACC, = 0
gpu_max_FP_SQRT_ACC, = 0
gpu_max_FP_LG_ACC, = 0
gpu_max_FP_SIN_ACC, = 0
gpu_max_FP_EXP_ACC, = 0
gpu_max_DP_MUL_ACC, = 6220.94
gpu_max_DP_DIV_ACC, = 0
gpu_max_TENSOR_ACC, = 0
gpu_max_TEX_ACC, = 0
gpu_max_MEM_RD, = 2078
gpu_max_MEM_WR, = 0
gpu_max_MEM_PRE, = 59
gpu_max_L2_RH, = 425
gpu_max_L2_RM, = 2112
gpu_max_L2_WH, = 0
gpu_max_L2_WM, = 0
gpu_max_NOC_A, = 5210
gpu_max_PIPE_A, = 0.09575
gpu_max_IDLE_CORE_N, = 0
gpu_max_constant_power = 0

Kernel Minimum Power Data:
kernel_min_power = 34.5722
gpu_min_IBP, = 0
gpu_min_ICP, = 0
gpu_min_DCP, = 0
gpu_min_TCP, = 0
gpu_min_CCP, = 0
gpu_min_SHRDP, = 0
gpu_min_RFP, = 0
gpu_min_INTP, = 0
gpu_min_FPUP, = 0
gpu_min_DPUP, = 0
gpu_min_INT_MUL24P, = 0
gpu_min_INT_MUL32P, = 0
gpu_min_INT_MULP, = 0
gpu_min_INT_DIVP, = 0
gpu_min_FP_MULP, = 0
gpu_min_FP_DIVP, = 0
gpu_min_FP_SQRTP, = 0
gpu_min_FP_LGP, = 0
gpu_min_FP_SINP, = 0
gpu_min_FP_EXP, = 0
gpu_min_DP_MULP, = 0
gpu_min_DP_DIVP, = 0
gpu_min_TENSORP, = 0
gpu_min_TEXP, = 0
gpu_min_SCHEDP, = 0
gpu_min_L2CP, = 0
gpu_min_MCP, = 0.55022
gpu_min_NOCP, = 0
gpu_min_DRAMP, = 0
gpu_min_PIPEP, = 0
gpu_min_IDLE_COREP, = 1.69675
gpu_min_CONSTP = 32.3252
gpu_min_STATICP = 0
gpu_min_TOT_INST, = 0
gpu_min_FP_INT, = 0
gpu_min_IC_H, = 0
gpu_min_IC_M, = 0
gpu_min_DC_RH, = 0
gpu_min_DC_RM, = 0
gpu_min_DC_WH, = 0
gpu_min_DC_WM, = 0
gpu_min_TC_H, = 0
gpu_min_TC_M, = 0
gpu_min_CC_H, = 0
gpu_min_CC_M, = 0
gpu_min_SHRD_ACC, = 0
gpu_min_REG_RD, = 0
gpu_min_REG_WR, = 0
gpu_min_NON_REG_OPs, = 0
gpu_min_INT_ACC, = 0
gpu_min_FPU_ACC, = 0
gpu_min_DPU_ACC, = 0
gpu_min_INT_MUL24_ACC, = 0
gpu_min_INT_MUL32_ACC, = 0
gpu_min_INT_MUL_ACC, = 0
gpu_min_INT_DIV_ACC, = 0
gpu_min_FP_MUL_ACC, = 0
gpu_min_FP_DIV_ACC, = 0
gpu_min_FP_SQRT_ACC, = 0
gpu_min_FP_LG_ACC, = 0
gpu_min_FP_SIN_ACC, = 0
gpu_min_FP_EXP_ACC, = 0
gpu_min_DP_MUL_ACC, = 0
gpu_min_DP_DIV_ACC, = 0
gpu_min_TENSOR_ACC, = 0
gpu_min_TEX_ACC, = 0
gpu_min_MEM_RD, = 0
gpu_min_MEM_WR, = 0
gpu_min_MEM_PRE, = 0
gpu_min_L2_RH, = 0
gpu_min_L2_RM, = 0
gpu_min_L2_WH, = 0
gpu_min_L2_WM, = 0
gpu_min_NOC_A, = 0
gpu_min_PIPE_A, = 0
gpu_min_IDLE_CORE_N, = 6
gpu_min_constant_power = 0

Accumulative Power Statistics Over Previous Kernels:
gpu_tot_avg_power = 83.0382
gpu_tot_max_power = 94.3333
gpu_tot_min_power = 34.5722


