kernel_name = _Z22bpnn_layerforward_CUDAPfS_S_S_ii 
kernel_launch_uid = 1 

Kernel Average Power Data:
kernel_avg_power = 77.7557
gpu_avg_IBP, = 0.181957
gpu_avg_ICP, = 0
gpu_avg_DCP, = 0
gpu_avg_TCP, = 0
gpu_avg_CCP, = 0
gpu_avg_SHRDP, = 0.232828
gpu_avg_RFP, = 4.99722
gpu_avg_INTP, = 1.33784
gpu_avg_FPUP, = 0.467769
gpu_avg_DPUP, = 0
gpu_avg_INT_MUL24P, = 0
gpu_avg_INT_MUL32P, = 0
gpu_avg_INT_MULP, = 1.14751
gpu_avg_INT_DIVP, = 0
gpu_avg_FP_MULP, = 0.0181443
gpu_avg_FP_DIVP, = 0
gpu_avg_FP_SQRTP, = 0
gpu_avg_FP_LGP, = 0
gpu_avg_FP_SINP, = 0
gpu_avg_FP_EXP, = 0.293533
gpu_avg_DP_MULP, = 0
gpu_avg_DP_DIVP, = 0
gpu_avg_TENSORP, = 0
gpu_avg_TEXP, = 0
gpu_avg_SCHEDP, = 0.473455
gpu_avg_L2CP, = 0.275111
gpu_avg_MCP, = 0.604905
gpu_avg_NOCP, = 0.366528
gpu_avg_DRAMP, = 1.75539
gpu_avg_PIPEP, = 0.371806
gpu_avg_IDLE_COREP, = 0.0299959
gpu_avg_CONSTP = 32.3252
gpu_avg_STATICP = 32.8765
gpu_avg_TOT_INST, = 10922.3
gpu_avg_FP_INT, = 9650.89
gpu_avg_IC_H, = 0
gpu_avg_IC_M, = 0
gpu_avg_DC_RH, = 0
gpu_avg_DC_RM, = 0
gpu_avg_DC_WH, = 0
gpu_avg_DC_WM, = 0
gpu_avg_TC_H, = 0
gpu_avg_TC_M, = 0
gpu_avg_CC_H, = 0
gpu_avg_CC_M, = 0
gpu_avg_SHRD_ACC, = 729.587
gpu_avg_REG_RD, = 499312
gpu_avg_REG_WR, = 240998
gpu_avg_NON_REG_OPs, = 0
gpu_avg_INT_ACC, = 1.02207e+06
gpu_avg_FPU_ACC, = 8754.65
gpu_avg_DPU_ACC, = 0
gpu_avg_INT_MUL24_ACC, = 0
gpu_avg_INT_MUL32_ACC, = 0
gpu_avg_INT_MUL_ACC, = 10469.8
gpu_avg_INT_DIV_ACC, = 0
gpu_avg_FP_MUL_ACC, = 165.548
gpu_avg_FP_DIV_ACC, = 0
gpu_avg_FP_SQRT_ACC, = 0
gpu_avg_FP_LG_ACC, = 0
gpu_avg_FP_SIN_ACC, = 0
gpu_avg_FP_EXP_ACC, = 2678.17
gpu_avg_DP_MUL_ACC, = 0
gpu_avg_DP_DIV_ACC, = 0
gpu_avg_TENSOR_ACC, = 0
gpu_avg_TEX_ACC, = 0
gpu_avg_MEM_RD, = 250.646
gpu_avg_MEM_WR, = 96.3633
gpu_avg_MEM_PRE, = 24.716
gpu_avg_L2_RH, = 153.898
gpu_avg_L2_RM, = 250.646
gpu_avg_L2_WH, = 288.66
gpu_avg_L2_WM, = 57.7125
gpu_avg_NOC_A, = 1502.1
gpu_avg_PIPE_A, = 0.349601
gpu_avg_IDLE_CORE_N, = 0.106071
gpu_avg_constant_power = 0
gpu_avg_threads_per_warp = 24.5308
gpu_tot_TOT_INST, = 6.19293e+06
gpu_tot_FP_INT, = 5.47205e+06
gpu_tot_IC_H, = 0
gpu_tot_IC_M, = 0
gpu_tot_DC_RH, = 0
gpu_tot_DC_RM, = 0
gpu_tot_DC_WH, = 0
gpu_tot_DC_WM, = 0
gpu_tot_TC_H, = 0
gpu_tot_TC_M, = 0
gpu_tot_CC_H, = 0
gpu_tot_CC_M, = 0
gpu_tot_SHRD_ACC, = 413676
gpu_tot_REG_RD, = 2.8311e+08
gpu_tot_REG_WR, = 1.36646e+08
gpu_tot_NON_REG_OPs, = 0
gpu_tot_INT_ACC, = 5.79516e+08
gpu_tot_FPU_ACC, = 4.96389e+06
gpu_tot_DPU_ACC, = 0
gpu_tot_INT_MUL24_ACC, = 0
gpu_tot_INT_MUL32_ACC, = 0
gpu_tot_INT_MUL_ACC, = 5.93638e+06
gpu_tot_INT_DIV_ACC, = 0
gpu_tot_FP_MUL_ACC, = 93865.4
gpu_tot_FP_DIV_ACC, = 0
gpu_tot_FP_SQRT_ACC, = 0
gpu_tot_FP_LG_ACC, = 0
gpu_tot_FP_SIN_ACC, = 0
gpu_tot_FP_EXP_ACC, = 1.51852e+06
gpu_tot_DP_MUL_ACC, = 0
gpu_tot_DP_DIV_ACC, = 0
gpu_tot_TENSOR_ACC, = 0
gpu_tot_TEX_ACC, = 0
gpu_tot_MEM_RD, = 142116
gpu_tot_MEM_WR, = 54638
gpu_tot_MEM_PRE, = 14014
gpu_tot_L2_RH, = 87260
gpu_tot_L2_RM, = 142116
gpu_tot_L2_WH, = 163670
gpu_tot_L2_WM, = 32723
gpu_tot_NOC_A, = 851689
gpu_tot_PIPE_A, = 198.224
gpu_tot_IDLE_CORE_N, = 60.142
gpu_tot_constant_power = 0

Kernel Maximum Power Data:
kernel_max_power = 86.3227
gpu_max_IBP, = 0.192948
gpu_max_ICP, = 0
gpu_max_DCP, = 0
gpu_max_TCP, = 0
gpu_max_CCP, = 0
gpu_max_SHRDP, = 0.222109
gpu_max_RFP, = 6.77884
gpu_max_INTP, = 1.74251
gpu_max_FPUP, = 0.541564
gpu_max_DPUP, = 0
gpu_max_INT_MUL24P, = 0
gpu_max_INT_MUL32P, = 0
gpu_max_INT_MULP, = 2.03061
gpu_max_INT_DIVP, = 0
gpu_max_FP_MULP, = 0.0291983
gpu_max_FP_DIVP, = 0
gpu_max_FP_SQRTP, = 0
gpu_max_FP_LGP, = 0
gpu_max_FP_SINP, = 0
gpu_max_FP_EXP, = 0.337762
gpu_max_DP_MULP, = 0
gpu_max_DP_DIVP, = 0
gpu_max_TENSORP, = 0
gpu_max_TEXP, = 0
gpu_max_SCHEDP, = 0.499952
gpu_max_L2CP, = 0.0474756
gpu_max_MCP, = 0.665974
gpu_max_NOCP, = 0.364552
gpu_max_DRAMP, = 4.4546
gpu_max_PIPEP, = 0.460817
gpu_max_IDLE_COREP, = 0
gpu_max_CONSTP = 32.3252
gpu_max_STATICP = 35.6286
gpu_max_TOT_INST, = 11582
gpu_max_FP_INT, = 10191
gpu_max_IC_H, = 0
gpu_max_IC_M, = 0
gpu_max_DC_RH, = 0
gpu_max_DC_RM, = 0
gpu_max_DC_WH, = 0
gpu_max_DC_WM, = 0
gpu_max_TC_H, = 0
gpu_max_TC_M, = 0
gpu_max_CC_H, = 0
gpu_max_CC_M, = 0
gpu_max_SHRD_ACC, = 696
gpu_max_REG_RD, = 697600
gpu_max_REG_WR, = 303200
gpu_max_NON_REG_OPs, = 0
gpu_max_INT_ACC, = 1.33124e+06
gpu_max_FPU_ACC, = 10135.8
gpu_max_DPU_ACC, = 0
gpu_max_INT_MUL24_ACC, = 0
gpu_max_INT_MUL32_ACC, = 0
gpu_max_INT_MUL_ACC, = 18527.1
gpu_max_INT_DIV_ACC, = 0
gpu_max_FP_MUL_ACC, = 266.403
gpu_max_FP_DIV_ACC, = 0
gpu_max_FP_SQRT_ACC, = 0
gpu_max_FP_LG_ACC, = 0
gpu_max_FP_SIN_ACC, = 0
gpu_max_FP_EXP_ACC, = 3081.72
gpu_max_DP_MUL_ACC, = 0
gpu_max_DP_DIV_ACC, = 0
gpu_max_TENSOR_ACC, = 0
gpu_max_TEX_ACC, = 0
gpu_max_MEM_RD, = 778
gpu_max_MEM_WR, = 0
gpu_max_MEM_PRE, = 25
gpu_max_L2_RH, = 192
gpu_max_L2_RM, = 791
gpu_max_L2_WH, = 0
gpu_max_L2_WM, = 0
gpu_max_NOC_A, = 1494
gpu_max_PIPE_A, = 0.433297
gpu_max_IDLE_CORE_N, = 0
gpu_max_constant_power = 0

Kernel Minimum Power Data:
kernel_min_power = 34.5722
gpu_min_IBP, = 0
gpu_min_ICP, = 0
gpu_min_DCP, = 0
gpu_min_TCP, = 0
gpu_min_CCP, = 0
gpu_min_SHRDP, = 0
gpu_min_RFP, = 0
gpu_min_INTP, = 0
gpu_min_FPUP, = 0
gpu_min_DPUP, = 0
gpu_min_INT_MUL24P, = 0
gpu_min_INT_MUL32P, = 0
gpu_min_INT_MULP, = 0
gpu_min_INT_DIVP, = 0
gpu_min_FP_MULP, = 0
gpu_min_FP_DIVP, = 0
gpu_min_FP_SQRTP, = 0
gpu_min_FP_LGP, = 0
gpu_min_FP_SINP, = 0
gpu_min_FP_EXP, = 0
gpu_min_DP_MULP, = 0
gpu_min_DP_DIVP, = 0
gpu_min_TENSORP, = 0
gpu_min_TEXP, = 0
gpu_min_SCHEDP, = 0
gpu_min_L2CP, = 0
gpu_min_MCP, = 0.55022
gpu_min_NOCP, = 0
gpu_min_DRAMP, = 0
gpu_min_PIPEP, = 0
gpu_min_IDLE_COREP, = 1.69675
gpu_min_CONSTP = 32.3252
gpu_min_STATICP = 0
gpu_min_TOT_INST, = 0
gpu_min_FP_INT, = 0
gpu_min_IC_H, = 0
gpu_min_IC_M, = 0
gpu_min_DC_RH, = 0
gpu_min_DC_RM, = 0
gpu_min_DC_WH, = 0
gpu_min_DC_WM, = 0
gpu_min_TC_H, = 0
gpu_min_TC_M, = 0
gpu_min_CC_H, = 0
gpu_min_CC_M, = 0
gpu_min_SHRD_ACC, = 0
gpu_min_REG_RD, = 0
gpu_min_REG_WR, = 0
gpu_min_NON_REG_OPs, = 0
gpu_min_INT_ACC, = 0
gpu_min_FPU_ACC, = 0
gpu_min_DPU_ACC, = 0
gpu_min_INT_MUL24_ACC, = 0
gpu_min_INT_MUL32_ACC, = 0
gpu_min_INT_MUL_ACC, = 0
gpu_min_INT_DIV_ACC, = 0
gpu_min_FP_MUL_ACC, = 0
gpu_min_FP_DIV_ACC, = 0
gpu_min_FP_SQRT_ACC, = 0
gpu_min_FP_LG_ACC, = 0
gpu_min_FP_SIN_ACC, = 0
gpu_min_FP_EXP_ACC, = 0
gpu_min_DP_MUL_ACC, = 0
gpu_min_DP_DIV_ACC, = 0
gpu_min_TENSOR_ACC, = 0
gpu_min_TEX_ACC, = 0
gpu_min_MEM_RD, = 0
gpu_min_MEM_WR, = 0
gpu_min_MEM_PRE, = 0
gpu_min_L2_RH, = 0
gpu_min_L2_RM, = 0
gpu_min_L2_WH, = 0
gpu_min_L2_WM, = 0
gpu_min_NOC_A, = 0
gpu_min_PIPE_A, = 0
gpu_min_IDLE_CORE_N, = 6
gpu_min_constant_power = 0

Accumulative Power Statistics Over Previous Kernels:
gpu_tot_avg_power = 77.7557
gpu_tot_max_power = 86.3227
gpu_tot_min_power = 34.5722


kernel_name = _Z24bpnn_adjust_weights_cudaPfiS_iS_S_ 
kernel_launch_uid = 2 

Kernel Average Power Data:
kernel_avg_power = 80.6264
gpu_avg_IBP, = 0.0411616
gpu_avg_ICP, = 0
gpu_avg_DCP, = 0
gpu_avg_TCP, = 0
gpu_avg_CCP, = 0
gpu_avg_SHRDP, = 8.4424e-06
gpu_avg_RFP, = 1.11144
gpu_avg_INTP, = 0.408159
gpu_avg_FPUP, = 0.353274
gpu_avg_DPUP, = 0.0576005
gpu_avg_INT_MUL24P, = 0
gpu_avg_INT_MUL32P, = 0
gpu_avg_INT_MULP, = 0.104983
gpu_avg_INT_DIVP, = 0
gpu_avg_FP_MULP, = 0
gpu_avg_FP_DIVP, = 0
gpu_avg_FP_SQRTP, = 0
gpu_avg_FP_LGP, = 0
gpu_avg_FP_SINP, = 0
gpu_avg_FP_EXP, = 0
gpu_avg_DP_MULP, = 0.120515
gpu_avg_DP_DIVP, = 0
gpu_avg_TENSORP, = 0
gpu_avg_TEXP, = 0
gpu_avg_SCHEDP, = 0.114832
gpu_avg_L2CP, = 0.460979
gpu_avg_MCP, = 0.650221
gpu_avg_NOCP, = 0.70864
gpu_avg_DRAMP, = 2.98735
gpu_avg_PIPEP, = 0.109479
gpu_avg_IDLE_COREP, = 0.023272
gpu_avg_CONSTP = 32.3252
gpu_avg_STATICP = 41.0492
gpu_avg_TOT_INST, = 2470.79
gpu_avg_FP_INT, = 2340.73
gpu_avg_IC_H, = 0
gpu_avg_IC_M, = 0
gpu_avg_DC_RH, = 0
gpu_avg_DC_RM, = 0
gpu_avg_DC_WH, = 0
gpu_avg_DC_WM, = 0
gpu_avg_TC_H, = 0
gpu_avg_TC_M, = 0
gpu_avg_CC_H, = 0
gpu_avg_CC_M, = 0
gpu_avg_SHRD_ACC, = 0.026455
gpu_avg_REG_RD, = 83226.9
gpu_avg_REG_WR, = 86160.1
gpu_avg_NON_REG_OPs, = 0
gpu_avg_INT_ACC, = 311823
gpu_avg_FPU_ACC, = 6611.78
gpu_avg_DPU_ACC, = 1078.04
gpu_avg_INT_MUL24_ACC, = 0
gpu_avg_INT_MUL32_ACC, = 0
gpu_avg_INT_MUL_ACC, = 957.861
gpu_avg_INT_DIV_ACC, = 0
gpu_avg_FP_MUL_ACC, = 0
gpu_avg_FP_DIV_ACC, = 0
gpu_avg_FP_SQRT_ACC, = 0
gpu_avg_FP_LG_ACC, = 0
gpu_avg_FP_SIN_ACC, = 0
gpu_avg_FP_EXP_ACC, = 0
gpu_avg_DP_MUL_ACC, = 1099.57
gpu_avg_DP_DIV_ACC, = 0
gpu_avg_TENSOR_ACC, = 0
gpu_avg_TEX_ACC, = 0
gpu_avg_MEM_RD, = 378.262
gpu_avg_MEM_WR, = 242.233
gpu_avg_MEM_PRE, = 71.5053
gpu_avg_L2_RH, = 640.34
gpu_avg_L2_RM, = 378.262
gpu_avg_L2_WH, = 433.415
gpu_avg_L2_WM, = 0.0595238
gpu_avg_NOC_A, = 2904.13
gpu_avg_PIPE_A, = 0.102941
gpu_avg_IDLE_CORE_N, = 0.0822937
gpu_avg_constant_power = 0
gpu_avg_threads_per_warp = 31.5791
gpu_tot_TOT_INST, = 1.86792e+06
gpu_tot_FP_INT, = 1.76959e+06
gpu_tot_IC_H, = 0
gpu_tot_IC_M, = 0
gpu_tot_DC_RH, = 0
gpu_tot_DC_RM, = 0
gpu_tot_DC_WH, = 0
gpu_tot_DC_WM, = 0
gpu_tot_TC_H, = 0
gpu_tot_TC_M, = 0
gpu_tot_CC_H, = 0
gpu_tot_CC_M, = 0
gpu_tot_SHRD_ACC, = 20
gpu_tot_REG_RD, = 6.29196e+07
gpu_tot_REG_WR, = 6.51371e+07
gpu_tot_NON_REG_OPs, = 0
gpu_tot_INT_ACC, = 2.35738e+08
gpu_tot_FPU_ACC, = 4.99851e+06
gpu_tot_DPU_ACC, = 814996
gpu_tot_INT_MUL24_ACC, = 0
gpu_tot_INT_MUL32_ACC, = 0
gpu_tot_INT_MUL_ACC, = 724143
gpu_tot_INT_DIV_ACC, = 0
gpu_tot_FP_MUL_ACC, = 0
gpu_tot_FP_DIV_ACC, = 0
gpu_tot_FP_SQRT_ACC, = 0
gpu_tot_FP_LG_ACC, = 0
gpu_tot_FP_SIN_ACC, = 0
gpu_tot_FP_EXP_ACC, = 0
gpu_tot_DP_MUL_ACC, = 831274
gpu_tot_DP_DIV_ACC, = 0
gpu_tot_TENSOR_ACC, = 0
gpu_tot_TEX_ACC, = 0
gpu_tot_MEM_RD, = 285966
gpu_tot_MEM_WR, = 183128
gpu_tot_MEM_PRE, = 54058
gpu_tot_L2_RH, = 484097
gpu_tot_L2_RM, = 285966
gpu_tot_L2_WH, = 327662
gpu_tot_L2_WM, = 45
gpu_tot_NOC_A, = 2.19552e+06
gpu_tot_PIPE_A, = 77.8233
gpu_tot_IDLE_CORE_N, = 62.214
gpu_tot_constant_power = 0

Kernel Maximum Power Data:
kernel_max_power = 86.4401
gpu_max_IBP, = 0.0646546
gpu_max_ICP, = 0
gpu_max_DCP, = 0
gpu_max_TCP, = 0
gpu_max_CCP, = 0
gpu_max_SHRDP, = 0
gpu_max_RFP, = 1.70847
gpu_max_INTP, = 0.88391
gpu_max_FPUP, = 0.326931
gpu_max_DPUP, = 0.0305647
gpu_max_INT_MUL24P, = 0
gpu_max_INT_MUL32P, = 0
gpu_max_INT_MULP, = 0.225657
gpu_max_INT_DIVP, = 0
gpu_max_FP_MULP, = 0
gpu_max_FP_DIVP, = 0
gpu_max_FP_SQRTP, = 0
gpu_max_FP_LGP, = 0
gpu_max_FP_SINP, = 0
gpu_max_FP_EXP, = 0
gpu_max_DP_MULP, = 0.113999
gpu_max_DP_DIVP, = 0
gpu_max_TENSORP, = 0
gpu_max_TEXP, = 0
gpu_max_SCHEDP, = 0.179798
gpu_max_L2CP, = 0.464391
gpu_max_MCP, = 0.787982
gpu_max_NOCP, = 0.953351
gpu_max_DRAMP, = 6.57667
gpu_max_PIPEP, = 0.165598
gpu_max_IDLE_COREP, = 0
gpu_max_CONSTP = 32.3252
gpu_max_STATICP = 41.6329
gpu_max_TOT_INST, = 3881
gpu_max_FP_INT, = 3665
gpu_max_IC_H, = 0
gpu_max_IC_M, = 0
gpu_max_DC_RH, = 0
gpu_max_DC_RM, = 0
gpu_max_DC_WH, = 0
gpu_max_DC_WM, = 0
gpu_max_TC_H, = 0
gpu_max_TC_M, = 0
gpu_max_CC_H, = 0
gpu_max_CC_M, = 0
gpu_max_SHRD_ACC, = 0
gpu_max_REG_RD, = 125440
gpu_max_REG_WR, = 135360
gpu_max_NON_REG_OPs, = 0
gpu_max_INT_ACC, = 675285
gpu_max_FPU_ACC, = 6118.76
gpu_max_DPU_ACC, = 572.041
gpu_max_INT_MUL24_ACC, = 0
gpu_max_INT_MUL32_ACC, = 0
gpu_max_INT_MUL_ACC, = 2058.87
gpu_max_INT_DIV_ACC, = 0
gpu_max_FP_MUL_ACC, = 0
gpu_max_FP_DIV_ACC, = 0
gpu_max_FP_SQRT_ACC, = 0
gpu_max_FP_LG_ACC, = 0
gpu_max_FP_SIN_ACC, = 0
gpu_max_FP_EXP_ACC, = 0
gpu_max_DP_MUL_ACC, = 1040.12
gpu_max_DP_DIV_ACC, = 0
gpu_max_TENSOR_ACC, = 0
gpu_max_TEX_ACC, = 0
gpu_max_MEM_RD, = 727
gpu_max_MEM_WR, = 718
gpu_max_MEM_PRE, = 177
gpu_max_L2_RH, = 646
gpu_max_L2_RM, = 647
gpu_max_L2_WH, = 432
gpu_max_L2_WM, = 0
gpu_max_NOC_A, = 3907
gpu_max_PIPE_A, = 0.155708
gpu_max_IDLE_CORE_N, = 0
gpu_max_constant_power = 0

Kernel Minimum Power Data:
kernel_min_power = 34.5722
gpu_min_IBP, = 0
gpu_min_ICP, = 0
gpu_min_DCP, = 0
gpu_min_TCP, = 0
gpu_min_CCP, = 0
gpu_min_SHRDP, = 0
gpu_min_RFP, = 0
gpu_min_INTP, = 0
gpu_min_FPUP, = 0
gpu_min_DPUP, = 0
gpu_min_INT_MUL24P, = 0
gpu_min_INT_MUL32P, = 0
gpu_min_INT_MULP, = 0
gpu_min_INT_DIVP, = 0
gpu_min_FP_MULP, = 0
gpu_min_FP_DIVP, = 0
gpu_min_FP_SQRTP, = 0
gpu_min_FP_LGP, = 0
gpu_min_FP_SINP, = 0
gpu_min_FP_EXP, = 0
gpu_min_DP_MULP, = 0
gpu_min_DP_DIVP, = 0
gpu_min_TENSORP, = 0
gpu_min_TEXP, = 0
gpu_min_SCHEDP, = 0
gpu_min_L2CP, = 0
gpu_min_MCP, = 0.55022
gpu_min_NOCP, = 0
gpu_min_DRAMP, = 0
gpu_min_PIPEP, = 0
gpu_min_IDLE_COREP, = 1.69675
gpu_min_CONSTP = 32.3252
gpu_min_STATICP = 0
gpu_min_TOT_INST, = 0
gpu_min_FP_INT, = 0
gpu_min_IC_H, = 0
gpu_min_IC_M, = 0
gpu_min_DC_RH, = 0
gpu_min_DC_RM, = 0
gpu_min_DC_WH, = 0
gpu_min_DC_WM, = 0
gpu_min_TC_H, = 0
gpu_min_TC_M, = 0
gpu_min_CC_H, = 0
gpu_min_CC_M, = 0
gpu_min_SHRD_ACC, = 0
gpu_min_REG_RD, = 0
gpu_min_REG_WR, = 0
gpu_min_NON_REG_OPs, = 0
gpu_min_INT_ACC, = 0
gpu_min_FPU_ACC, = 0
gpu_min_DPU_ACC, = 0
gpu_min_INT_MUL24_ACC, = 0
gpu_min_INT_MUL32_ACC, = 0
gpu_min_INT_MUL_ACC, = 0
gpu_min_INT_DIV_ACC, = 0
gpu_min_FP_MUL_ACC, = 0
gpu_min_FP_DIV_ACC, = 0
gpu_min_FP_SQRT_ACC, = 0
gpu_min_FP_LG_ACC, = 0
gpu_min_FP_SIN_ACC, = 0
gpu_min_FP_EXP_ACC, = 0
gpu_min_DP_MUL_ACC, = 0
gpu_min_DP_DIV_ACC, = 0
gpu_min_TENSOR_ACC, = 0
gpu_min_TEX_ACC, = 0
gpu_min_MEM_RD, = 0
gpu_min_MEM_WR, = 0
gpu_min_MEM_PRE, = 0
gpu_min_L2_RH, = 0
gpu_min_L2_RM, = 0
gpu_min_L2_WH, = 0
gpu_min_L2_WM, = 0
gpu_min_NOC_A, = 0
gpu_min_PIPE_A, = 0
gpu_min_IDLE_CORE_N, = 6
gpu_min_constant_power = 0

Accumulative Power Statistics Over Previous Kernels:
gpu_tot_avg_power = 79.3961
gpu_tot_max_power = 86.4401
gpu_tot_min_power = 34.5722


