kernel_name = _Z14dynproc_kerneliPiS_S_iiii 
kernel_launch_uid = 1 

Kernel Average Power Data:
kernel_avg_power = 77.4958
gpu_avg_IBP, = 0.142579
gpu_avg_ICP, = 0
gpu_avg_DCP, = 0
gpu_avg_TCP, = 0
gpu_avg_CCP, = 0
gpu_avg_SHRDP, = 0.409614
gpu_avg_RFP, = 3.29608
gpu_avg_INTP, = 2.97937
gpu_avg_FPUP, = 0
gpu_avg_DPUP, = 0
gpu_avg_INT_MUL24P, = 0
gpu_avg_INT_MUL32P, = 0
gpu_avg_INT_MULP, = 0.275223
gpu_avg_INT_DIVP, = 0
gpu_avg_FP_MULP, = 0
gpu_avg_FP_DIVP, = 0
gpu_avg_FP_SQRTP, = 0
gpu_avg_FP_LGP, = 0
gpu_avg_FP_SINP, = 0
gpu_avg_FP_EXP, = 0
gpu_avg_DP_MULP, = 0
gpu_avg_DP_DIVP, = 0
gpu_avg_TENSORP, = 0
gpu_avg_TEXP, = 0
gpu_avg_SCHEDP, = 0.368869
gpu_avg_L2CP, = 0.0764487
gpu_avg_MCP, = 0.660154
gpu_avg_NOCP, = 0.498538
gpu_avg_DRAMP, = 4.26989
gpu_avg_PIPEP, = 0.355534
gpu_avg_IDLE_COREP, = 0.0599765
gpu_avg_CONSTP = 32.3252
gpu_avg_STATICP = 31.7783
gpu_avg_TOT_INST, = 8558.56
gpu_avg_FP_INT, = 7519.02
gpu_avg_IC_H, = 0
gpu_avg_IC_M, = 0
gpu_avg_DC_RH, = 0
gpu_avg_DC_RM, = 0
gpu_avg_DC_WH, = 0
gpu_avg_DC_WM, = 0
gpu_avg_TC_H, = 0
gpu_avg_TC_M, = 0
gpu_avg_CC_H, = 0
gpu_avg_CC_M, = 0
gpu_avg_SHRD_ACC, = 1283.56
gpu_avg_REG_RD, = 303264
gpu_avg_REG_WR, = 189468
gpu_avg_NON_REG_OPs, = 0
gpu_avg_INT_ACC, = 2.27616e+06
gpu_avg_FPU_ACC, = 0
gpu_avg_DPU_ACC, = 0
gpu_avg_INT_MUL24_ACC, = 0
gpu_avg_INT_MUL32_ACC, = 0
gpu_avg_INT_MUL_ACC, = 2511.12
gpu_avg_INT_DIV_ACC, = 0
gpu_avg_FP_MUL_ACC, = 0
gpu_avg_FP_DIV_ACC, = 0
gpu_avg_FP_SQRT_ACC, = 0
gpu_avg_FP_LG_ACC, = 0
gpu_avg_FP_SIN_ACC, = 0
gpu_avg_FP_EXP_ACC, = 0
gpu_avg_DP_MUL_ACC, = 0
gpu_avg_DP_DIV_ACC, = 0
gpu_avg_TENSOR_ACC, = 0
gpu_avg_TEX_ACC, = 0
gpu_avg_MEM_RD, = 713.948
gpu_avg_MEM_WR, = 20.5559
gpu_avg_MEM_PRE, = 147.104
gpu_avg_L2_RH, = 264.755
gpu_avg_L2_RM, = 713.948
gpu_avg_L2_WH, = 0
gpu_avg_L2_WM, = 42.8011
gpu_avg_NOC_A, = 2043.1
gpu_avg_PIPE_A, = 0.334301
gpu_avg_IDLE_CORE_N, = 0.212087
gpu_avg_constant_power = 0
gpu_avg_threads_per_warp = 29.9636
gpu_tot_TOT_INST, = 3.14099e+06
gpu_tot_FP_INT, = 2.75948e+06
gpu_tot_IC_H, = 0
gpu_tot_IC_M, = 0
gpu_tot_DC_RH, = 0
gpu_tot_DC_RM, = 0
gpu_tot_DC_WH, = 0
gpu_tot_DC_WM, = 0
gpu_tot_TC_H, = 0
gpu_tot_TC_M, = 0
gpu_tot_CC_H, = 0
gpu_tot_CC_M, = 0
gpu_tot_SHRD_ACC, = 471068
gpu_tot_REG_RD, = 1.11298e+08
gpu_tot_REG_WR, = 6.95346e+07
gpu_tot_NON_REG_OPs, = 0
gpu_tot_INT_ACC, = 8.35352e+08
gpu_tot_FPU_ACC, = 0
gpu_tot_DPU_ACC, = 0
gpu_tot_INT_MUL24_ACC, = 0
gpu_tot_INT_MUL32_ACC, = 0
gpu_tot_INT_MUL_ACC, = 921580
gpu_tot_INT_DIV_ACC, = 0
gpu_tot_FP_MUL_ACC, = 0
gpu_tot_FP_DIV_ACC, = 0
gpu_tot_FP_SQRT_ACC, = 0
gpu_tot_FP_LG_ACC, = 0
gpu_tot_FP_SIN_ACC, = 0
gpu_tot_FP_EXP_ACC, = 0
gpu_tot_DP_MUL_ACC, = 0
gpu_tot_DP_DIV_ACC, = 0
gpu_tot_TENSOR_ACC, = 0
gpu_tot_TEX_ACC, = 0
gpu_tot_MEM_RD, = 262019
gpu_tot_MEM_WR, = 7544
gpu_tot_MEM_PRE, = 53987
gpu_tot_L2_RH, = 97165
gpu_tot_L2_RM, = 262019
gpu_tot_L2_WH, = 0
gpu_tot_L2_WM, = 15708
gpu_tot_NOC_A, = 749817
gpu_tot_PIPE_A, = 122.688
gpu_tot_IDLE_CORE_N, = 77.836
gpu_tot_constant_power = 0

Kernel Maximum Power Data:
kernel_max_power = 84.679
gpu_max_IBP, = 0.178787
gpu_max_ICP, = 0
gpu_max_DCP, = 0
gpu_max_TCP, = 0
gpu_max_CCP, = 0
gpu_max_SHRDP, = 0.35646
gpu_max_RFP, = 4.81118
gpu_max_INTP, = 4.27914
gpu_max_FPUP, = 0
gpu_max_DPUP, = 0
gpu_max_INT_MUL24P, = 0
gpu_max_INT_MUL32P, = 0
gpu_max_INT_MULP, = 0.606528
gpu_max_INT_DIVP, = 0
gpu_max_FP_MULP, = 0
gpu_max_FP_DIVP, = 0
gpu_max_FP_SQRTP, = 0
gpu_max_FP_LGP, = 0
gpu_max_FP_SINP, = 0
gpu_max_FP_EXP, = 0
gpu_max_DP_MULP, = 0
gpu_max_DP_DIVP, = 0
gpu_max_TENSORP, = 0
gpu_max_TEXP, = 0
gpu_max_SCHEDP, = 0.483469
gpu_max_L2CP, = 0.102029
gpu_max_MCP, = 0.712097
gpu_max_NOCP, = 0.702995
gpu_max_DRAMP, = 6.19661
gpu_max_PIPEP, = 0.460878
gpu_max_IDLE_COREP, = 0
gpu_max_CONSTP = 32.3252
gpu_max_STATICP = 33.4636
gpu_max_TOT_INST, = 10732
gpu_max_FP_INT, = 9855
gpu_max_IC_H, = 0
gpu_max_IC_M, = 0
gpu_max_DC_RH, = 0
gpu_max_DC_RM, = 0
gpu_max_DC_WH, = 0
gpu_max_DC_WM, = 0
gpu_max_TC_H, = 0
gpu_max_TC_M, = 0
gpu_max_CC_H, = 0
gpu_max_CC_M, = 0
gpu_max_SHRD_ACC, = 1117
gpu_max_REG_RD, = 437536
gpu_max_REG_WR, = 282560
gpu_max_NON_REG_OPs, = 0
gpu_max_INT_ACC, = 3.26916e+06
gpu_max_FPU_ACC, = 0
gpu_max_DPU_ACC, = 0
gpu_max_INT_MUL24_ACC, = 0
gpu_max_INT_MUL32_ACC, = 0
gpu_max_INT_MUL_ACC, = 5533.91
gpu_max_INT_DIV_ACC, = 0
gpu_max_FP_MUL_ACC, = 0
gpu_max_FP_DIV_ACC, = 0
gpu_max_FP_SQRT_ACC, = 0
gpu_max_FP_LG_ACC, = 0
gpu_max_FP_SIN_ACC, = 0
gpu_max_FP_EXP_ACC, = 0
gpu_max_DP_MUL_ACC, = 0
gpu_max_DP_DIV_ACC, = 0
gpu_max_TENSOR_ACC, = 0
gpu_max_TEX_ACC, = 0
gpu_max_MEM_RD, = 1088
gpu_max_MEM_WR, = 0
gpu_max_MEM_PRE, = 0
gpu_max_L2_RH, = 465
gpu_max_L2_RM, = 896
gpu_max_L2_WH, = 0
gpu_max_L2_WM, = 0
gpu_max_NOC_A, = 2881
gpu_max_PIPE_A, = 0.433354
gpu_max_IDLE_CORE_N, = 0
gpu_max_constant_power = 0

Kernel Minimum Power Data:
kernel_min_power = 34.5722
gpu_min_IBP, = 0
gpu_min_ICP, = 0
gpu_min_DCP, = 0
gpu_min_TCP, = 0
gpu_min_CCP, = 0
gpu_min_SHRDP, = 0
gpu_min_RFP, = 0
gpu_min_INTP, = 0
gpu_min_FPUP, = 0
gpu_min_DPUP, = 0
gpu_min_INT_MUL24P, = 0
gpu_min_INT_MUL32P, = 0
gpu_min_INT_MULP, = 0
gpu_min_INT_DIVP, = 0
gpu_min_FP_MULP, = 0
gpu_min_FP_DIVP, = 0
gpu_min_FP_SQRTP, = 0
gpu_min_FP_LGP, = 0
gpu_min_FP_SINP, = 0
gpu_min_FP_EXP, = 0
gpu_min_DP_MULP, = 0
gpu_min_DP_DIVP, = 0
gpu_min_TENSORP, = 0
gpu_min_TEXP, = 0
gpu_min_SCHEDP, = 0
gpu_min_L2CP, = 0
gpu_min_MCP, = 0.55022
gpu_min_NOCP, = 0
gpu_min_DRAMP, = 0
gpu_min_PIPEP, = 0
gpu_min_IDLE_COREP, = 1.69675
gpu_min_CONSTP = 32.3252
gpu_min_STATICP = 0
gpu_min_TOT_INST, = 0
gpu_min_FP_INT, = 0
gpu_min_IC_H, = 0
gpu_min_IC_M, = 0
gpu_min_DC_RH, = 0
gpu_min_DC_RM, = 0
gpu_min_DC_WH, = 0
gpu_min_DC_WM, = 0
gpu_min_TC_H, = 0
gpu_min_TC_M, = 0
gpu_min_CC_H, = 0
gpu_min_CC_M, = 0
gpu_min_SHRD_ACC, = 0
gpu_min_REG_RD, = 0
gpu_min_REG_WR, = 0
gpu_min_NON_REG_OPs, = 0
gpu_min_INT_ACC, = 0
gpu_min_FPU_ACC, = 0
gpu_min_DPU_ACC, = 0
gpu_min_INT_MUL24_ACC, = 0
gpu_min_INT_MUL32_ACC, = 0
gpu_min_INT_MUL_ACC, = 0
gpu_min_INT_DIV_ACC, = 0
gpu_min_FP_MUL_ACC, = 0
gpu_min_FP_DIV_ACC, = 0
gpu_min_FP_SQRT_ACC, = 0
gpu_min_FP_LG_ACC, = 0
gpu_min_FP_SIN_ACC, = 0
gpu_min_FP_EXP_ACC, = 0
gpu_min_DP_MUL_ACC, = 0
gpu_min_DP_DIV_ACC, = 0
gpu_min_TENSOR_ACC, = 0
gpu_min_TEX_ACC, = 0
gpu_min_MEM_RD, = 0
gpu_min_MEM_WR, = 0
gpu_min_MEM_PRE, = 0
gpu_min_L2_RH, = 0
gpu_min_L2_RM, = 0
gpu_min_L2_WH, = 0
gpu_min_L2_WM, = 0
gpu_min_NOC_A, = 0
gpu_min_PIPE_A, = 0
gpu_min_IDLE_CORE_N, = 6
gpu_min_constant_power = 0

Accumulative Power Statistics Over Previous Kernels:
gpu_tot_avg_power = 77.4958
gpu_tot_max_power = 84.679
gpu_tot_min_power = 34.5722


kernel_name = _Z14dynproc_kerneliPiS_S_iiii 
kernel_launch_uid = 2 

Kernel Average Power Data:
kernel_avg_power = 77.6445
gpu_avg_IBP, = 0.142963
gpu_avg_ICP, = 0
gpu_avg_DCP, = 0
gpu_avg_TCP, = 0
gpu_avg_CCP, = 0
gpu_avg_SHRDP, = 0.410532
gpu_avg_RFP, = 3.3051
gpu_avg_INTP, = 2.98745
gpu_avg_FPUP, = 0
gpu_avg_DPUP, = 0
gpu_avg_INT_MUL24P, = 0
gpu_avg_INT_MUL32P, = 0
gpu_avg_INT_MULP, = 0.275968
gpu_avg_INT_DIVP, = 0
gpu_avg_FP_MULP, = 0
gpu_avg_FP_DIVP, = 0
gpu_avg_FP_SQRTP, = 0
gpu_avg_FP_LGP, = 0
gpu_avg_FP_SINP, = 0
gpu_avg_FP_EXP, = 0
gpu_avg_DP_MULP, = 0
gpu_avg_DP_DIVP, = 0
gpu_avg_TENSORP, = 0
gpu_avg_TEXP, = 0
gpu_avg_SCHEDP, = 0.369862
gpu_avg_L2CP, = 0.0766933
gpu_avg_MCP, = 0.66296
gpu_avg_NOCP, = 0.499881
gpu_avg_DRAMP, = 4.32443
gpu_avg_PIPEP, = 0.356489
gpu_avg_IDLE_COREP, = 0.0569029
gpu_avg_CONSTP = 32.3252
gpu_avg_STATICP = 31.85
gpu_avg_TOT_INST, = 8581.56
gpu_avg_FP_INT, = 7539.24
gpu_avg_IC_H, = 0
gpu_avg_IC_M, = 0
gpu_avg_DC_RH, = 0
gpu_avg_DC_RM, = 0
gpu_avg_DC_WH, = 0
gpu_avg_DC_WM, = 0
gpu_avg_TC_H, = 0
gpu_avg_TC_M, = 0
gpu_avg_CC_H, = 0
gpu_avg_CC_M, = 0
gpu_avg_SHRD_ACC, = 1286.44
gpu_avg_REG_RD, = 304084
gpu_avg_REG_WR, = 189998
gpu_avg_NON_REG_OPs, = 0
gpu_avg_INT_ACC, = 2.28234e+06
gpu_avg_FPU_ACC, = 0
gpu_avg_DPU_ACC, = 0
gpu_avg_INT_MUL24_ACC, = 0
gpu_avg_INT_MUL32_ACC, = 0
gpu_avg_INT_MUL_ACC, = 2517.91
gpu_avg_INT_DIV_ACC, = 0
gpu_avg_FP_MUL_ACC, = 0
gpu_avg_FP_DIV_ACC, = 0
gpu_avg_FP_SQRT_ACC, = 0
gpu_avg_FP_LG_ACC, = 0
gpu_avg_FP_SIN_ACC, = 0
gpu_avg_FP_EXP_ACC, = 0
gpu_avg_DP_MUL_ACC, = 0
gpu_avg_DP_DIV_ACC, = 0
gpu_avg_TENSOR_ACC, = 0
gpu_avg_TEX_ACC, = 0
gpu_avg_MEM_RD, = 715.82
gpu_avg_MEM_WR, = 34.5574
gpu_avg_MEM_PRE, = 146.702
gpu_avg_L2_RH, = 265.492
gpu_avg_L2_RM, = 715.888
gpu_avg_L2_WH, = 0
gpu_avg_L2_WM, = 43.0082
gpu_avg_NOC_A, = 2048.6
gpu_avg_PIPE_A, = 0.335199
gpu_avg_IDLE_CORE_N, = 0.201219
gpu_avg_constant_power = 0
gpu_avg_threads_per_warp = 29.9654
gpu_tot_TOT_INST, = 3.14085e+06
gpu_tot_FP_INT, = 2.75936e+06
gpu_tot_IC_H, = 0
gpu_tot_IC_M, = 0
gpu_tot_DC_RH, = 0
gpu_tot_DC_RM, = 0
gpu_tot_DC_WH, = 0
gpu_tot_DC_WM, = 0
gpu_tot_TC_H, = 0
gpu_tot_TC_M, = 0
gpu_tot_CC_H, = 0
gpu_tot_CC_M, = 0
gpu_tot_SHRD_ACC, = 470837
gpu_tot_REG_RD, = 1.11295e+08
gpu_tot_REG_WR, = 6.95393e+07
gpu_tot_NON_REG_OPs, = 0
gpu_tot_INT_ACC, = 8.35336e+08
gpu_tot_FPU_ACC, = 0
gpu_tot_DPU_ACC, = 0
gpu_tot_INT_MUL24_ACC, = 0
gpu_tot_INT_MUL32_ACC, = 0
gpu_tot_INT_MUL_ACC, = 921556
gpu_tot_INT_DIV_ACC, = 0
gpu_tot_FP_MUL_ACC, = 0
gpu_tot_FP_DIV_ACC, = 0
gpu_tot_FP_SQRT_ACC, = 0
gpu_tot_FP_LG_ACC, = 0
gpu_tot_FP_SIN_ACC, = 0
gpu_tot_FP_EXP_ACC, = 0
gpu_tot_DP_MUL_ACC, = 0
gpu_tot_DP_DIV_ACC, = 0
gpu_tot_TENSOR_ACC, = 0
gpu_tot_TEX_ACC, = 0
gpu_tot_MEM_RD, = 261990
gpu_tot_MEM_WR, = 12648
gpu_tot_MEM_PRE, = 53693
gpu_tot_L2_RH, = 97170
gpu_tot_L2_RM, = 262015
gpu_tot_L2_WH, = 0
gpu_tot_L2_WM, = 15741
gpu_tot_NOC_A, = 749788
gpu_tot_PIPE_A, = 122.683
gpu_tot_IDLE_CORE_N, = 73.646
gpu_tot_constant_power = 0

Kernel Maximum Power Data:
kernel_max_power = 87.2349
gpu_max_IBP, = 0.18725
gpu_max_ICP, = 0
gpu_max_DCP, = 0
gpu_max_TCP, = 0
gpu_max_CCP, = 0
gpu_max_SHRDP, = 0.314974
gpu_max_RFP, = 5.22741
gpu_max_INTP, = 4.56753
gpu_max_FPUP, = 0
gpu_max_DPUP, = 0
gpu_max_INT_MUL24P, = 0
gpu_max_INT_MUL32P, = 0
gpu_max_INT_MULP, = 0.731643
gpu_max_INT_DIVP, = 0
gpu_max_FP_MULP, = 0
gpu_max_FP_DIVP, = 0
gpu_max_FP_SQRTP, = 0
gpu_max_FP_LGP, = 0
gpu_max_FP_SINP, = 0
gpu_max_FP_EXP, = 0
gpu_max_DP_MULP, = 0
gpu_max_DP_DIVP, = 0
gpu_max_TENSORP, = 0
gpu_max_TEXP, = 0
gpu_max_SCHEDP, = 0.512217
gpu_max_L2CP, = 0.118999
gpu_max_MCP, = 0.762167
gpu_max_NOCP, = 0.781567
gpu_max_DRAMP, = 7.75726
gpu_max_PIPEP, = 0.485045
gpu_max_IDLE_COREP, = 0
gpu_max_CONSTP = 32.3252
gpu_max_STATICP = 33.4636
gpu_max_TOT_INST, = 11240
gpu_max_FP_INT, = 10441
gpu_max_IC_H, = 0
gpu_max_IC_M, = 0
gpu_max_DC_RH, = 0
gpu_max_DC_RM, = 0
gpu_max_DC_WH, = 0
gpu_max_DC_WM, = 0
gpu_max_TC_H, = 0
gpu_max_TC_M, = 0
gpu_max_CC_H, = 0
gpu_max_CC_M, = 0
gpu_max_SHRD_ACC, = 987
gpu_max_REG_RD, = 476096
gpu_max_REG_WR, = 306176
gpu_max_NON_REG_OPs, = 0
gpu_max_INT_ACC, = 3.48948e+06
gpu_max_FPU_ACC, = 0
gpu_max_DPU_ACC, = 0
gpu_max_INT_MUL24_ACC, = 0
gpu_max_INT_MUL32_ACC, = 0
gpu_max_INT_MUL_ACC, = 6675.46
gpu_max_INT_DIV_ACC, = 0
gpu_max_FP_MUL_ACC, = 0
gpu_max_FP_DIV_ACC, = 0
gpu_max_FP_SQRT_ACC, = 0
gpu_max_FP_LG_ACC, = 0
gpu_max_FP_SIN_ACC, = 0
gpu_max_FP_EXP_ACC, = 0
gpu_max_DP_MUL_ACC, = 0
gpu_max_DP_DIV_ACC, = 0
gpu_max_TENSOR_ACC, = 0
gpu_max_TEX_ACC, = 0
gpu_max_MEM_RD, = 1302
gpu_max_MEM_WR, = 101
gpu_max_MEM_PRE, = 24
gpu_max_L2_RH, = 540
gpu_max_L2_RM, = 1081
gpu_max_L2_WH, = 0
gpu_max_L2_WM, = 0
gpu_max_NOC_A, = 3203
gpu_max_PIPE_A, = 0.456077
gpu_max_IDLE_CORE_N, = 0
gpu_max_constant_power = 0

Kernel Minimum Power Data:
kernel_min_power = 34.5722
gpu_min_IBP, = 0
gpu_min_ICP, = 0
gpu_min_DCP, = 0
gpu_min_TCP, = 0
gpu_min_CCP, = 0
gpu_min_SHRDP, = 0
gpu_min_RFP, = 0
gpu_min_INTP, = 0
gpu_min_FPUP, = 0
gpu_min_DPUP, = 0
gpu_min_INT_MUL24P, = 0
gpu_min_INT_MUL32P, = 0
gpu_min_INT_MULP, = 0
gpu_min_INT_DIVP, = 0
gpu_min_FP_MULP, = 0
gpu_min_FP_DIVP, = 0
gpu_min_FP_SQRTP, = 0
gpu_min_FP_LGP, = 0
gpu_min_FP_SINP, = 0
gpu_min_FP_EXP, = 0
gpu_min_DP_MULP, = 0
gpu_min_DP_DIVP, = 0
gpu_min_TENSORP, = 0
gpu_min_TEXP, = 0
gpu_min_SCHEDP, = 0
gpu_min_L2CP, = 0
gpu_min_MCP, = 0.55022
gpu_min_NOCP, = 0
gpu_min_DRAMP, = 0
gpu_min_PIPEP, = 0
gpu_min_IDLE_COREP, = 1.69675
gpu_min_CONSTP = 32.3252
gpu_min_STATICP = 0
gpu_min_TOT_INST, = 0
gpu_min_FP_INT, = 0
gpu_min_IC_H, = 0
gpu_min_IC_M, = 0
gpu_min_DC_RH, = 0
gpu_min_DC_RM, = 0
gpu_min_DC_WH, = 0
gpu_min_DC_WM, = 0
gpu_min_TC_H, = 0
gpu_min_TC_M, = 0
gpu_min_CC_H, = 0
gpu_min_CC_M, = 0
gpu_min_SHRD_ACC, = 0
gpu_min_REG_RD, = 0
gpu_min_REG_WR, = 0
gpu_min_NON_REG_OPs, = 0
gpu_min_INT_ACC, = 0
gpu_min_FPU_ACC, = 0
gpu_min_DPU_ACC, = 0
gpu_min_INT_MUL24_ACC, = 0
gpu_min_INT_MUL32_ACC, = 0
gpu_min_INT_MUL_ACC, = 0
gpu_min_INT_DIV_ACC, = 0
gpu_min_FP_MUL_ACC, = 0
gpu_min_FP_DIV_ACC, = 0
gpu_min_FP_SQRT_ACC, = 0
gpu_min_FP_LG_ACC, = 0
gpu_min_FP_SIN_ACC, = 0
gpu_min_FP_EXP_ACC, = 0
gpu_min_DP_MUL_ACC, = 0
gpu_min_DP_DIV_ACC, = 0
gpu_min_TENSOR_ACC, = 0
gpu_min_TEX_ACC, = 0
gpu_min_MEM_RD, = 0
gpu_min_MEM_WR, = 0
gpu_min_MEM_PRE, = 0
gpu_min_L2_RH, = 0
gpu_min_L2_RM, = 0
gpu_min_L2_WH, = 0
gpu_min_L2_WM, = 0
gpu_min_NOC_A, = 0
gpu_min_PIPE_A, = 0
gpu_min_IDLE_CORE_N, = 6
gpu_min_constant_power = 0

Accumulative Power Statistics Over Previous Kernels:
gpu_tot_avg_power = 77.57
gpu_tot_max_power = 87.2349
gpu_tot_min_power = 34.5722


kernel_name = _Z14dynproc_kerneliPiS_S_iiii 
kernel_launch_uid = 3 

Kernel Average Power Data:
kernel_avg_power = 77.4451
gpu_avg_IBP, = 0.142192
gpu_avg_ICP, = 0
gpu_avg_DCP, = 0
gpu_avg_TCP, = 0
gpu_avg_CCP, = 0
gpu_avg_SHRDP, = 0.408297
gpu_avg_RFP, = 3.28713
gpu_avg_INTP, = 2.97128
gpu_avg_FPUP, = 0
gpu_avg_DPUP, = 0
gpu_avg_INT_MUL24P, = 0
gpu_avg_INT_MUL32P, = 0
gpu_avg_INT_MULP, = 0.274475
gpu_avg_INT_DIVP, = 0
gpu_avg_FP_MULP, = 0
gpu_avg_FP_DIVP, = 0
gpu_avg_FP_SQRTP, = 0
gpu_avg_FP_LGP, = 0
gpu_avg_FP_SINP, = 0
gpu_avg_FP_EXP, = 0
gpu_avg_DP_MULP, = 0
gpu_avg_DP_DIVP, = 0
gpu_avg_TENSORP, = 0
gpu_avg_TEXP, = 0
gpu_avg_SCHEDP, = 0.367867
gpu_avg_L2CP, = 0.0762755
gpu_avg_MCP, = 0.66201
gpu_avg_NOCP, = 0.497207
gpu_avg_DRAMP, = 4.30445
gpu_avg_PIPEP, = 0.354568
gpu_avg_IDLE_COREP, = 0.0633161
gpu_avg_CONSTP = 32.3252
gpu_avg_STATICP = 31.7109
gpu_avg_TOT_INST, = 8535.3
gpu_avg_FP_INT, = 7498.59
gpu_avg_IC_H, = 0
gpu_avg_IC_M, = 0
gpu_avg_DC_RH, = 0
gpu_avg_DC_RM, = 0
gpu_avg_DC_WH, = 0
gpu_avg_DC_WM, = 0
gpu_avg_TC_H, = 0
gpu_avg_TC_M, = 0
gpu_avg_CC_H, = 0
gpu_avg_CC_M, = 0
gpu_avg_SHRD_ACC, = 1279.43
gpu_avg_REG_RD, = 302440
gpu_avg_REG_WR, = 188953
gpu_avg_NON_REG_OPs, = 0
gpu_avg_INT_ACC, = 2.26998e+06
gpu_avg_FPU_ACC, = 0
gpu_avg_DPU_ACC, = 0
gpu_avg_INT_MUL24_ACC, = 0
gpu_avg_INT_MUL32_ACC, = 0
gpu_avg_INT_MUL_ACC, = 2504.29
gpu_avg_INT_DIV_ACC, = 0
gpu_avg_FP_MUL_ACC, = 0
gpu_avg_FP_DIV_ACC, = 0
gpu_avg_FP_SQRT_ACC, = 0
gpu_avg_FP_LG_ACC, = 0
gpu_avg_FP_SIN_ACC, = 0
gpu_avg_FP_EXP_ACC, = 0
gpu_avg_DP_MUL_ACC, = 0
gpu_avg_DP_DIV_ACC, = 0
gpu_avg_TENSOR_ACC, = 0
gpu_avg_TEX_ACC, = 0
gpu_avg_MEM_RD, = 712.022
gpu_avg_MEM_WR, = 32.4239
gpu_avg_MEM_PRE, = 155.614
gpu_avg_L2_RH, = 264.043
gpu_avg_L2_RM, = 712.003
gpu_avg_L2_WH, = 0
gpu_avg_L2_WM, = 42.7745
gpu_avg_NOC_A, = 2037.64
gpu_avg_PIPE_A, = 0.333393
gpu_avg_IDLE_CORE_N, = 0.223897
gpu_avg_constant_power = 0
gpu_avg_threads_per_warp = 30.0451
gpu_tot_TOT_INST, = 3.14099e+06
gpu_tot_FP_INT, = 2.75948e+06
gpu_tot_IC_H, = 0
gpu_tot_IC_M, = 0
gpu_tot_DC_RH, = 0
gpu_tot_DC_RM, = 0
gpu_tot_DC_WH, = 0
gpu_tot_DC_WM, = 0
gpu_tot_TC_H, = 0
gpu_tot_TC_M, = 0
gpu_tot_CC_H, = 0
gpu_tot_CC_M, = 0
gpu_tot_SHRD_ACC, = 470832
gpu_tot_REG_RD, = 1.11298e+08
gpu_tot_REG_WR, = 6.95346e+07
gpu_tot_NON_REG_OPs, = 0
gpu_tot_INT_ACC, = 8.35352e+08
gpu_tot_FPU_ACC, = 0
gpu_tot_DPU_ACC, = 0
gpu_tot_INT_MUL24_ACC, = 0
gpu_tot_INT_MUL32_ACC, = 0
gpu_tot_INT_MUL_ACC, = 921580
gpu_tot_INT_DIV_ACC, = 0
gpu_tot_FP_MUL_ACC, = 0
gpu_tot_FP_DIV_ACC, = 0
gpu_tot_FP_SQRT_ACC, = 0
gpu_tot_FP_LG_ACC, = 0
gpu_tot_FP_SIN_ACC, = 0
gpu_tot_FP_EXP_ACC, = 0
gpu_tot_DP_MUL_ACC, = 0
gpu_tot_DP_DIV_ACC, = 0
gpu_tot_TENSOR_ACC, = 0
gpu_tot_TEX_ACC, = 0
gpu_tot_MEM_RD, = 262024
gpu_tot_MEM_WR, = 11932
gpu_tot_MEM_PRE, = 57266
gpu_tot_L2_RH, = 97168
gpu_tot_L2_RM, = 262017
gpu_tot_L2_WH, = 0
gpu_tot_L2_WM, = 15741
gpu_tot_NOC_A, = 749852
gpu_tot_PIPE_A, = 122.688
gpu_tot_IDLE_CORE_N, = 82.394
gpu_tot_constant_power = 0

Kernel Maximum Power Data:
kernel_max_power = 84.889
gpu_max_IBP, = 0.164727
gpu_max_ICP, = 0
gpu_max_DCP, = 0
gpu_max_TCP, = 0
gpu_max_CCP, = 0
gpu_max_SHRDP, = 0.103715
gpu_max_RFP, = 4.61089
gpu_max_INTP, = 4.19408
gpu_max_FPUP, = 0
gpu_max_DPUP, = 0
gpu_max_INT_MUL24P, = 0
gpu_max_INT_MUL32P, = 0
gpu_max_INT_MULP, = 0.734923
gpu_max_INT_DIVP, = 0
gpu_max_FP_MULP, = 0
gpu_max_FP_DIVP, = 0
gpu_max_FP_SQRTP, = 0
gpu_max_FP_LGP, = 0
gpu_max_FP_SINP, = 0
gpu_max_FP_EXP, = 0
gpu_max_DP_MULP, = 0
gpu_max_DP_DIVP, = 0
gpu_max_TENSORP, = 0
gpu_max_TEXP, = 0
gpu_max_SCHEDP, = 0.457419
gpu_max_L2CP, = 0.137156
gpu_max_MCP, = 0.728817
gpu_max_NOCP, = 0.839397
gpu_max_DRAMP, = 6.69621
gpu_max_PIPEP, = 0.432803
gpu_max_IDLE_COREP, = 0
gpu_max_CONSTP = 32.3252
gpu_max_STATICP = 33.4636
gpu_max_TOT_INST, = 9888
gpu_max_FP_INT, = 9324
gpu_max_IC_H, = 0
gpu_max_IC_M, = 0
gpu_max_DC_RH, = 0
gpu_max_DC_RM, = 0
gpu_max_DC_WH, = 0
gpu_max_DC_WM, = 0
gpu_max_TC_H, = 0
gpu_max_TC_M, = 0
gpu_max_CC_H, = 0
gpu_max_CC_M, = 0
gpu_max_SHRD_ACC, = 325
gpu_max_REG_RD, = 412960
gpu_max_REG_WR, = 278240
gpu_max_NON_REG_OPs, = 0
gpu_max_INT_ACC, = 3.20417e+06
gpu_max_FPU_ACC, = 0
gpu_max_DPU_ACC, = 0
gpu_max_INT_MUL24_ACC, = 0
gpu_max_INT_MUL32_ACC, = 0
gpu_max_INT_MUL_ACC, = 6705.38
gpu_max_INT_DIV_ACC, = 0
gpu_max_FP_MUL_ACC, = 0
gpu_max_FP_DIV_ACC, = 0
gpu_max_FP_SQRT_ACC, = 0
gpu_max_FP_LG_ACC, = 0
gpu_max_FP_SIN_ACC, = 0
gpu_max_FP_EXP_ACC, = 0
gpu_max_DP_MUL_ACC, = 0
gpu_max_DP_DIV_ACC, = 0
gpu_max_TENSOR_ACC, = 0
gpu_max_TEX_ACC, = 0
gpu_max_MEM_RD, = 1147
gpu_max_MEM_WR, = 44
gpu_max_MEM_PRE, = 26
gpu_max_L2_RH, = 619
gpu_max_L2_RM, = 1298
gpu_max_L2_WH, = 0
gpu_max_L2_WM, = 0
gpu_max_NOC_A, = 3440
gpu_max_PIPE_A, = 0.406956
gpu_max_IDLE_CORE_N, = 0
gpu_max_constant_power = 0

Kernel Minimum Power Data:
kernel_min_power = 34.5722
gpu_min_IBP, = 0
gpu_min_ICP, = 0
gpu_min_DCP, = 0
gpu_min_TCP, = 0
gpu_min_CCP, = 0
gpu_min_SHRDP, = 0
gpu_min_RFP, = 0
gpu_min_INTP, = 0
gpu_min_FPUP, = 0
gpu_min_DPUP, = 0
gpu_min_INT_MUL24P, = 0
gpu_min_INT_MUL32P, = 0
gpu_min_INT_MULP, = 0
gpu_min_INT_DIVP, = 0
gpu_min_FP_MULP, = 0
gpu_min_FP_DIVP, = 0
gpu_min_FP_SQRTP, = 0
gpu_min_FP_LGP, = 0
gpu_min_FP_SINP, = 0
gpu_min_FP_EXP, = 0
gpu_min_DP_MULP, = 0
gpu_min_DP_DIVP, = 0
gpu_min_TENSORP, = 0
gpu_min_TEXP, = 0
gpu_min_SCHEDP, = 0
gpu_min_L2CP, = 0
gpu_min_MCP, = 0.55022
gpu_min_NOCP, = 0
gpu_min_DRAMP, = 0
gpu_min_PIPEP, = 0
gpu_min_IDLE_COREP, = 1.69675
gpu_min_CONSTP = 32.3252
gpu_min_STATICP = 0
gpu_min_TOT_INST, = 0
gpu_min_FP_INT, = 0
gpu_min_IC_H, = 0
gpu_min_IC_M, = 0
gpu_min_DC_RH, = 0
gpu_min_DC_RM, = 0
gpu_min_DC_WH, = 0
gpu_min_DC_WM, = 0
gpu_min_TC_H, = 0
gpu_min_TC_M, = 0
gpu_min_CC_H, = 0
gpu_min_CC_M, = 0
gpu_min_SHRD_ACC, = 0
gpu_min_REG_RD, = 0
gpu_min_REG_WR, = 0
gpu_min_NON_REG_OPs, = 0
gpu_min_INT_ACC, = 0
gpu_min_FPU_ACC, = 0
gpu_min_DPU_ACC, = 0
gpu_min_INT_MUL24_ACC, = 0
gpu_min_INT_MUL32_ACC, = 0
gpu_min_INT_MUL_ACC, = 0
gpu_min_INT_DIV_ACC, = 0
gpu_min_FP_MUL_ACC, = 0
gpu_min_FP_DIV_ACC, = 0
gpu_min_FP_SQRT_ACC, = 0
gpu_min_FP_LG_ACC, = 0
gpu_min_FP_SIN_ACC, = 0
gpu_min_FP_EXP_ACC, = 0
gpu_min_DP_MUL_ACC, = 0
gpu_min_DP_DIV_ACC, = 0
gpu_min_TENSOR_ACC, = 0
gpu_min_TEX_ACC, = 0
gpu_min_MEM_RD, = 0
gpu_min_MEM_WR, = 0
gpu_min_MEM_PRE, = 0
gpu_min_L2_RH, = 0
gpu_min_L2_RM, = 0
gpu_min_L2_WH, = 0
gpu_min_L2_WM, = 0
gpu_min_NOC_A, = 0
gpu_min_PIPE_A, = 0
gpu_min_IDLE_CORE_N, = 6
gpu_min_constant_power = 0

Accumulative Power Statistics Over Previous Kernels:
gpu_tot_avg_power = 77.5283
gpu_tot_max_power = 87.2349
gpu_tot_min_power = 34.5722


kernel_name = _Z14dynproc_kerneliPiS_S_iiii 
kernel_launch_uid = 4 

Kernel Average Power Data:
kernel_avg_power = 77.5235
gpu_avg_IBP, = 0.142583
gpu_avg_ICP, = 0
gpu_avg_DCP, = 0
gpu_avg_TCP, = 0
gpu_avg_CCP, = 0
gpu_avg_SHRDP, = 0.4094
gpu_avg_RFP, = 3.29634
gpu_avg_INTP, = 2.97939
gpu_avg_FPUP, = 0
gpu_avg_DPUP, = 0
gpu_avg_INT_MUL24P, = 0
gpu_avg_INT_MUL32P, = 0
gpu_avg_INT_MULP, = 0.275223
gpu_avg_INT_DIVP, = 0
gpu_avg_FP_MULP, = 0
gpu_avg_FP_DIVP, = 0
gpu_avg_FP_SQRTP, = 0
gpu_avg_FP_LGP, = 0
gpu_avg_FP_SINP, = 0
gpu_avg_FP_EXP, = 0
gpu_avg_DP_MULP, = 0
gpu_avg_DP_DIVP, = 0
gpu_avg_TENSORP, = 0
gpu_avg_TEXP, = 0
gpu_avg_SCHEDP, = 0.368878
gpu_avg_L2CP, = 0.0764833
gpu_avg_MCP, = 0.662927
gpu_avg_NOCP, = 0.498582
gpu_avg_DRAMP, = 4.32552
gpu_avg_PIPEP, = 0.355539
gpu_avg_IDLE_COREP, = 0.0616162
gpu_avg_CONSTP = 32.3252
gpu_avg_STATICP = 31.7458
gpu_avg_TOT_INST, = 8558.77
gpu_avg_FP_INT, = 7519.2
gpu_avg_IC_H, = 0
gpu_avg_IC_M, = 0
gpu_avg_DC_RH, = 0
gpu_avg_DC_RM, = 0
gpu_avg_DC_WH, = 0
gpu_avg_DC_WM, = 0
gpu_avg_TC_H, = 0
gpu_avg_TC_M, = 0
gpu_avg_CC_H, = 0
gpu_avg_CC_M, = 0
gpu_avg_SHRD_ACC, = 1282.89
gpu_avg_REG_RD, = 303268
gpu_avg_REG_WR, = 189504
gpu_avg_NON_REG_OPs, = 0
gpu_avg_INT_ACC, = 2.27618e+06
gpu_avg_FPU_ACC, = 0
gpu_avg_DPU_ACC, = 0
gpu_avg_INT_MUL24_ACC, = 0
gpu_avg_INT_MUL32_ACC, = 0
gpu_avg_INT_MUL_ACC, = 2511.12
gpu_avg_INT_DIV_ACC, = 0
gpu_avg_FP_MUL_ACC, = 0
gpu_avg_FP_DIV_ACC, = 0
gpu_avg_FP_SQRT_ACC, = 0
gpu_avg_FP_LG_ACC, = 0
gpu_avg_FP_SIN_ACC, = 0
gpu_avg_FP_EXP_ACC, = 0
gpu_avg_DP_MUL_ACC, = 0
gpu_avg_DP_DIV_ACC, = 0
gpu_avg_TENSOR_ACC, = 0
gpu_avg_TEX_ACC, = 0
gpu_avg_MEM_RD, = 713.992
gpu_avg_MEM_WR, = 35.8801
gpu_avg_MEM_PRE, = 154.466
gpu_avg_L2_RH, = 264.763
gpu_avg_L2_RM, = 713.943
gpu_avg_L2_WH, = 0
gpu_avg_L2_WM, = 42.891
gpu_avg_NOC_A, = 2043.28
gpu_avg_PIPE_A, = 0.334305
gpu_avg_IDLE_CORE_N, = 0.217886
gpu_avg_constant_power = 0
gpu_avg_threads_per_warp = 30.0432
gpu_tot_TOT_INST, = 3.14107e+06
gpu_tot_FP_INT, = 2.75954e+06
gpu_tot_IC_H, = 0
gpu_tot_IC_M, = 0
gpu_tot_DC_RH, = 0
gpu_tot_DC_RM, = 0
gpu_tot_DC_WH, = 0
gpu_tot_DC_WM, = 0
gpu_tot_TC_H, = 0
gpu_tot_TC_M, = 0
gpu_tot_CC_H, = 0
gpu_tot_CC_M, = 0
gpu_tot_SHRD_ACC, = 470821
gpu_tot_REG_RD, = 1.11299e+08
gpu_tot_REG_WR, = 6.95481e+07
gpu_tot_NON_REG_OPs, = 0
gpu_tot_INT_ACC, = 8.35358e+08
gpu_tot_FPU_ACC, = 0
gpu_tot_DPU_ACC, = 0
gpu_tot_INT_MUL24_ACC, = 0
gpu_tot_INT_MUL32_ACC, = 0
gpu_tot_INT_MUL_ACC, = 921580
gpu_tot_INT_DIV_ACC, = 0
gpu_tot_FP_MUL_ACC, = 0
gpu_tot_FP_DIV_ACC, = 0
gpu_tot_FP_SQRT_ACC, = 0
gpu_tot_FP_LG_ACC, = 0
gpu_tot_FP_SIN_ACC, = 0
gpu_tot_FP_EXP_ACC, = 0
gpu_tot_DP_MUL_ACC, = 0
gpu_tot_DP_DIV_ACC, = 0
gpu_tot_TENSOR_ACC, = 0
gpu_tot_TEX_ACC, = 0
gpu_tot_MEM_RD, = 262035
gpu_tot_MEM_WR, = 13168
gpu_tot_MEM_PRE, = 56689
gpu_tot_L2_RH, = 97168
gpu_tot_L2_RM, = 262017
gpu_tot_L2_WH, = 0
gpu_tot_L2_WM, = 15741
gpu_tot_NOC_A, = 749883
gpu_tot_PIPE_A, = 122.69
gpu_tot_IDLE_CORE_N, = 79.964
gpu_tot_constant_power = 0

Kernel Maximum Power Data:
kernel_max_power = 86.182
gpu_max_IBP, = 0.169325
gpu_max_ICP, = 0
gpu_max_DCP, = 0
gpu_max_TCP, = 0
gpu_max_CCP, = 0
gpu_max_SHRDP, = 0.17105
gpu_max_RFP, = 4.74485
gpu_max_INTP, = 4.24813
gpu_max_FPUP, = 0
gpu_max_DPUP, = 0
gpu_max_INT_MUL24P, = 0
gpu_max_INT_MUL32P, = 0
gpu_max_INT_MULP, = 0.734746
gpu_max_INT_DIVP, = 0
gpu_max_FP_MULP, = 0
gpu_max_FP_DIVP, = 0
gpu_max_FP_SQRTP, = 0
gpu_max_FP_LGP, = 0
gpu_max_FP_SINP, = 0
gpu_max_FP_EXP, = 0
gpu_max_DP_MULP, = 0
gpu_max_DP_DIVP, = 0
gpu_max_TENSORP, = 0
gpu_max_TEXP, = 0
gpu_max_SCHEDP, = 0.472283
gpu_max_L2CP, = 0.149119
gpu_max_MCP, = 0.756635
gpu_max_NOCP, = 0.830857
gpu_max_DRAMP, = 7.67496
gpu_max_PIPEP, = 0.441179
gpu_max_IDLE_COREP, = 0
gpu_max_CONSTP = 32.3252
gpu_max_STATICP = 33.4636
gpu_max_TOT_INST, = 10164
gpu_max_FP_INT, = 9627
gpu_max_IC_H, = 0
gpu_max_IC_M, = 0
gpu_max_DC_RH, = 0
gpu_max_DC_RM, = 0
gpu_max_DC_WH, = 0
gpu_max_DC_WM, = 0
gpu_max_TC_H, = 0
gpu_max_TC_M, = 0
gpu_max_CC_H, = 0
gpu_max_CC_M, = 0
gpu_max_SHRD_ACC, = 536
gpu_max_REG_RD, = 428256
gpu_max_REG_WR, = 282464
gpu_max_NON_REG_OPs, = 0
gpu_max_INT_ACC, = 3.24546e+06
gpu_max_FPU_ACC, = 0
gpu_max_DPU_ACC, = 0
gpu_max_INT_MUL24_ACC, = 0
gpu_max_INT_MUL32_ACC, = 0
gpu_max_INT_MUL_ACC, = 6703.77
gpu_max_INT_DIV_ACC, = 0
gpu_max_FP_MUL_ACC, = 0
gpu_max_FP_DIV_ACC, = 0
gpu_max_FP_SQRT_ACC, = 0
gpu_max_FP_LG_ACC, = 0
gpu_max_FP_SIN_ACC, = 0
gpu_max_FP_EXP_ACC, = 0
gpu_max_DP_MUL_ACC, = 0
gpu_max_DP_DIV_ACC, = 0
gpu_max_TENSOR_ACC, = 0
gpu_max_TEX_ACC, = 0
gpu_max_MEM_RD, = 1300
gpu_max_MEM_WR, = 72
gpu_max_MEM_PRE, = 46
gpu_max_L2_RH, = 676
gpu_max_L2_RM, = 1365
gpu_max_L2_WH, = 0
gpu_max_L2_WM, = 0
gpu_max_NOC_A, = 3405
gpu_max_PIPE_A, = 0.414831
gpu_max_IDLE_CORE_N, = 0
gpu_max_constant_power = 0

Kernel Minimum Power Data:
kernel_min_power = 34.5722
gpu_min_IBP, = 0
gpu_min_ICP, = 0
gpu_min_DCP, = 0
gpu_min_TCP, = 0
gpu_min_CCP, = 0
gpu_min_SHRDP, = 0
gpu_min_RFP, = 0
gpu_min_INTP, = 0
gpu_min_FPUP, = 0
gpu_min_DPUP, = 0
gpu_min_INT_MUL24P, = 0
gpu_min_INT_MUL32P, = 0
gpu_min_INT_MULP, = 0
gpu_min_INT_DIVP, = 0
gpu_min_FP_MULP, = 0
gpu_min_FP_DIVP, = 0
gpu_min_FP_SQRTP, = 0
gpu_min_FP_LGP, = 0
gpu_min_FP_SINP, = 0
gpu_min_FP_EXP, = 0
gpu_min_DP_MULP, = 0
gpu_min_DP_DIVP, = 0
gpu_min_TENSORP, = 0
gpu_min_TEXP, = 0
gpu_min_SCHEDP, = 0
gpu_min_L2CP, = 0
gpu_min_MCP, = 0.55022
gpu_min_NOCP, = 0
gpu_min_DRAMP, = 0
gpu_min_PIPEP, = 0
gpu_min_IDLE_COREP, = 1.69675
gpu_min_CONSTP = 32.3252
gpu_min_STATICP = 0
gpu_min_TOT_INST, = 0
gpu_min_FP_INT, = 0
gpu_min_IC_H, = 0
gpu_min_IC_M, = 0
gpu_min_DC_RH, = 0
gpu_min_DC_RM, = 0
gpu_min_DC_WH, = 0
gpu_min_DC_WM, = 0
gpu_min_TC_H, = 0
gpu_min_TC_M, = 0
gpu_min_CC_H, = 0
gpu_min_CC_M, = 0
gpu_min_SHRD_ACC, = 0
gpu_min_REG_RD, = 0
gpu_min_REG_WR, = 0
gpu_min_NON_REG_OPs, = 0
gpu_min_INT_ACC, = 0
gpu_min_FPU_ACC, = 0
gpu_min_DPU_ACC, = 0
gpu_min_INT_MUL24_ACC, = 0
gpu_min_INT_MUL32_ACC, = 0
gpu_min_INT_MUL_ACC, = 0
gpu_min_INT_DIV_ACC, = 0
gpu_min_FP_MUL_ACC, = 0
gpu_min_FP_DIV_ACC, = 0
gpu_min_FP_SQRT_ACC, = 0
gpu_min_FP_LG_ACC, = 0
gpu_min_FP_SIN_ACC, = 0
gpu_min_FP_EXP_ACC, = 0
gpu_min_DP_MUL_ACC, = 0
gpu_min_DP_DIV_ACC, = 0
gpu_min_TENSOR_ACC, = 0
gpu_min_TEX_ACC, = 0
gpu_min_MEM_RD, = 0
gpu_min_MEM_WR, = 0
gpu_min_MEM_PRE, = 0
gpu_min_L2_RH, = 0
gpu_min_L2_RM, = 0
gpu_min_L2_WH, = 0
gpu_min_L2_WM, = 0
gpu_min_NOC_A, = 0
gpu_min_PIPE_A, = 0
gpu_min_IDLE_CORE_N, = 6
gpu_min_constant_power = 0

Accumulative Power Statistics Over Previous Kernels:
gpu_tot_avg_power = 77.5271
gpu_tot_max_power = 87.2349
gpu_tot_min_power = 34.5722


kernel_name = _Z14dynproc_kerneliPiS_S_iiii 
kernel_launch_uid = 5 

Kernel Average Power Data:
kernel_avg_power = 77.7965
gpu_avg_IBP, = 0.145773
gpu_avg_ICP, = 0
gpu_avg_DCP, = 0
gpu_avg_TCP, = 0
gpu_avg_CCP, = 0
gpu_avg_SHRDP, = 0.413479
gpu_avg_RFP, = 3.3617
gpu_avg_INTP, = 3.04041
gpu_avg_FPUP, = 0
gpu_avg_DPUP, = 0
gpu_avg_INT_MUL24P, = 0
gpu_avg_INT_MUL32P, = 0
gpu_avg_INT_MULP, = 0.282165
gpu_avg_INT_DIVP, = 0
gpu_avg_FP_MULP, = 0
gpu_avg_FP_DIVP, = 0
gpu_avg_FP_SQRTP, = 0
gpu_avg_FP_LGP, = 0
gpu_avg_FP_SINP, = 0
gpu_avg_FP_EXP, = 0
gpu_avg_DP_MULP, = 0
gpu_avg_DP_DIVP, = 0
gpu_avg_TENSORP, = 0
gpu_avg_TEXP, = 0
gpu_avg_SCHEDP, = 0.377211
gpu_avg_L2CP, = 0.0695584
gpu_avg_MCP, = 0.664984
gpu_avg_NOCP, = 0.486285
gpu_avg_DRAMP, = 4.41639
gpu_avg_PIPEP, = 0.362761
gpu_avg_IDLE_COREP, = 0.0553991
gpu_avg_CONSTP = 32.3252
gpu_avg_STATICP = 31.7952
gpu_avg_TOT_INST, = 8750.26
gpu_avg_FP_INT, = 7689.05
gpu_avg_IC_H, = 0
gpu_avg_IC_M, = 0
gpu_avg_DC_RH, = 0
gpu_avg_DC_RM, = 0
gpu_avg_DC_WH, = 0
gpu_avg_DC_WM, = 0
gpu_avg_TC_H, = 0
gpu_avg_TC_M, = 0
gpu_avg_CC_H, = 0
gpu_avg_CC_M, = 0
gpu_avg_SHRD_ACC, = 1295.67
gpu_avg_REG_RD, = 310166
gpu_avg_REG_WR, = 192227
gpu_avg_NON_REG_OPs, = 0
gpu_avg_INT_ACC, = 2.3228e+06
gpu_avg_FPU_ACC, = 0
gpu_avg_DPU_ACC, = 0
gpu_avg_INT_MUL24_ACC, = 0
gpu_avg_INT_MUL32_ACC, = 0
gpu_avg_INT_MUL_ACC, = 2574.45
gpu_avg_INT_DIV_ACC, = 0
gpu_avg_FP_MUL_ACC, = 0
gpu_avg_FP_DIV_ACC, = 0
gpu_avg_FP_SQRT_ACC, = 0
gpu_avg_FP_LG_ACC, = 0
gpu_avg_FP_SIN_ACC, = 0
gpu_avg_FP_EXP_ACC, = 0
gpu_avg_DP_MUL_ACC, = 0
gpu_avg_DP_DIV_ACC, = 0
gpu_avg_TENSOR_ACC, = 0
gpu_avg_TEX_ACC, = 0
gpu_avg_MEM_RD, = 726.918
gpu_avg_MEM_WR, = 36.6199
gpu_avg_MEM_PRE, = 170.284
gpu_avg_L2_RH, = 224.553
gpu_avg_L2_RM, = 726.918
gpu_avg_L2_WH, = 0
gpu_avg_L2_WM, = 44.924
gpu_avg_NOC_A, = 1992.88
gpu_avg_PIPE_A, = 0.341097
gpu_avg_IDLE_CORE_N, = 0.195901
gpu_avg_constant_power = 0
gpu_avg_threads_per_warp = 29.9099
gpu_tot_TOT_INST, = 2.99259e+06
gpu_tot_FP_INT, = 2.62965e+06
gpu_tot_IC_H, = 0
gpu_tot_IC_M, = 0
gpu_tot_DC_RH, = 0
gpu_tot_DC_RM, = 0
gpu_tot_DC_WH, = 0
gpu_tot_DC_WM, = 0
gpu_tot_TC_H, = 0
gpu_tot_TC_M, = 0
gpu_tot_CC_H, = 0
gpu_tot_CC_M, = 0
gpu_tot_SHRD_ACC, = 443120
gpu_tot_REG_RD, = 1.06077e+08
gpu_tot_REG_WR, = 6.57417e+07
gpu_tot_NON_REG_OPs, = 0
gpu_tot_INT_ACC, = 7.94396e+08
gpu_tot_FPU_ACC, = 0
gpu_tot_DPU_ACC, = 0
gpu_tot_INT_MUL24_ACC, = 0
gpu_tot_INT_MUL32_ACC, = 0
gpu_tot_INT_MUL_ACC, = 880462
gpu_tot_INT_DIV_ACC, = 0
gpu_tot_FP_MUL_ACC, = 0
gpu_tot_FP_DIV_ACC, = 0
gpu_tot_FP_SQRT_ACC, = 0
gpu_tot_FP_LG_ACC, = 0
gpu_tot_FP_SIN_ACC, = 0
gpu_tot_FP_EXP_ACC, = 0
gpu_tot_DP_MUL_ACC, = 0
gpu_tot_DP_DIV_ACC, = 0
gpu_tot_TENSOR_ACC, = 0
gpu_tot_TEX_ACC, = 0
gpu_tot_MEM_RD, = 248606
gpu_tot_MEM_WR, = 12524
gpu_tot_MEM_PRE, = 58237
gpu_tot_L2_RH, = 76797
gpu_tot_L2_RM, = 248606
gpu_tot_L2_WH, = 0
gpu_tot_L2_WM, = 15364
gpu_tot_NOC_A, = 681566
gpu_tot_PIPE_A, = 116.655
gpu_tot_IDLE_CORE_N, = 66.998
gpu_tot_constant_power = 0

Kernel Maximum Power Data:
kernel_max_power = 86.4143
gpu_max_IBP, = 0.165993
gpu_max_ICP, = 0
gpu_max_DCP, = 0
gpu_max_TCP, = 0
gpu_max_CCP, = 0
gpu_max_SHRDP, = 0.217642
gpu_max_RFP, = 4.67757
gpu_max_INTP, = 4.0974
gpu_max_FPUP, = 0
gpu_max_DPUP, = 0
gpu_max_INT_MUL24P, = 0
gpu_max_INT_MUL32P, = 0
gpu_max_INT_MULP, = 0.684148
gpu_max_INT_DIVP, = 0
gpu_max_FP_MULP, = 0
gpu_max_FP_DIVP, = 0
gpu_max_FP_SQRTP, = 0
gpu_max_FP_LGP, = 0
gpu_max_FP_SINP, = 0
gpu_max_FP_EXP, = 0
gpu_max_DP_MULP, = 0
gpu_max_DP_DIVP, = 0
gpu_max_TENSORP, = 0
gpu_max_TEXP, = 0
gpu_max_SCHEDP, = 0.466102
gpu_max_L2CP, = 0.117937
gpu_max_MCP, = 0.772997
gpu_max_NOCP, = 0.76961
gpu_max_DRAMP, = 8.22271
gpu_max_PIPEP, = 0.433378
gpu_max_IDLE_COREP, = 0
gpu_max_CONSTP = 32.3252
gpu_max_STATICP = 33.4636
gpu_max_TOT_INST, = 9964
gpu_max_FP_INT, = 9501
gpu_max_IC_H, = 0
gpu_max_IC_M, = 0
gpu_max_DC_RH, = 0
gpu_max_DC_RM, = 0
gpu_max_DC_WH, = 0
gpu_max_DC_WM, = 0
gpu_max_TC_H, = 0
gpu_max_TC_M, = 0
gpu_max_CC_H, = 0
gpu_max_CC_M, = 0
gpu_max_SHRD_ACC, = 682
gpu_max_REG_RD, = 421824
gpu_max_REG_WR, = 278880
gpu_max_NON_REG_OPs, = 0
gpu_max_INT_ACC, = 3.13031e+06
gpu_max_FPU_ACC, = 0
gpu_max_DPU_ACC, = 0
gpu_max_INT_MUL24_ACC, = 0
gpu_max_INT_MUL32_ACC, = 0
gpu_max_INT_MUL_ACC, = 6242.11
gpu_max_INT_DIV_ACC, = 0
gpu_max_FP_MUL_ACC, = 0
gpu_max_FP_DIV_ACC, = 0
gpu_max_FP_SQRT_ACC, = 0
gpu_max_FP_LG_ACC, = 0
gpu_max_FP_SIN_ACC, = 0
gpu_max_FP_EXP_ACC, = 0
gpu_max_DP_MUL_ACC, = 0
gpu_max_DP_DIV_ACC, = 0
gpu_max_TENSOR_ACC, = 0
gpu_max_TEX_ACC, = 0
gpu_max_MEM_RD, = 1376
gpu_max_MEM_WR, = 100
gpu_max_MEM_PRE, = 74
gpu_max_L2_RH, = 521
gpu_max_L2_RM, = 1289
gpu_max_L2_WH, = 0
gpu_max_L2_WM, = 0
gpu_max_NOC_A, = 3154
gpu_max_PIPE_A, = 0.407496
gpu_max_IDLE_CORE_N, = 0
gpu_max_constant_power = 0

Kernel Minimum Power Data:
kernel_min_power = 34.5722
gpu_min_IBP, = 0
gpu_min_ICP, = 0
gpu_min_DCP, = 0
gpu_min_TCP, = 0
gpu_min_CCP, = 0
gpu_min_SHRDP, = 0
gpu_min_RFP, = 0
gpu_min_INTP, = 0
gpu_min_FPUP, = 0
gpu_min_DPUP, = 0
gpu_min_INT_MUL24P, = 0
gpu_min_INT_MUL32P, = 0
gpu_min_INT_MULP, = 0
gpu_min_INT_DIVP, = 0
gpu_min_FP_MULP, = 0
gpu_min_FP_DIVP, = 0
gpu_min_FP_SQRTP, = 0
gpu_min_FP_LGP, = 0
gpu_min_FP_SINP, = 0
gpu_min_FP_EXP, = 0
gpu_min_DP_MULP, = 0
gpu_min_DP_DIVP, = 0
gpu_min_TENSORP, = 0
gpu_min_TEXP, = 0
gpu_min_SCHEDP, = 0
gpu_min_L2CP, = 0
gpu_min_MCP, = 0.55022
gpu_min_NOCP, = 0
gpu_min_DRAMP, = 0
gpu_min_PIPEP, = 0
gpu_min_IDLE_COREP, = 1.69675
gpu_min_CONSTP = 32.3252
gpu_min_STATICP = 0
gpu_min_TOT_INST, = 0
gpu_min_FP_INT, = 0
gpu_min_IC_H, = 0
gpu_min_IC_M, = 0
gpu_min_DC_RH, = 0
gpu_min_DC_RM, = 0
gpu_min_DC_WH, = 0
gpu_min_DC_WM, = 0
gpu_min_TC_H, = 0
gpu_min_TC_M, = 0
gpu_min_CC_H, = 0
gpu_min_CC_M, = 0
gpu_min_SHRD_ACC, = 0
gpu_min_REG_RD, = 0
gpu_min_REG_WR, = 0
gpu_min_NON_REG_OPs, = 0
gpu_min_INT_ACC, = 0
gpu_min_FPU_ACC, = 0
gpu_min_DPU_ACC, = 0
gpu_min_INT_MUL24_ACC, = 0
gpu_min_INT_MUL32_ACC, = 0
gpu_min_INT_MUL_ACC, = 0
gpu_min_INT_DIV_ACC, = 0
gpu_min_FP_MUL_ACC, = 0
gpu_min_FP_DIV_ACC, = 0
gpu_min_FP_SQRT_ACC, = 0
gpu_min_FP_LG_ACC, = 0
gpu_min_FP_SIN_ACC, = 0
gpu_min_FP_EXP_ACC, = 0
gpu_min_DP_MUL_ACC, = 0
gpu_min_DP_DIV_ACC, = 0
gpu_min_TENSOR_ACC, = 0
gpu_min_TEX_ACC, = 0
gpu_min_MEM_RD, = 0
gpu_min_MEM_WR, = 0
gpu_min_MEM_PRE, = 0
gpu_min_L2_RH, = 0
gpu_min_L2_RM, = 0
gpu_min_L2_WH, = 0
gpu_min_L2_WM, = 0
gpu_min_NOC_A, = 0
gpu_min_PIPE_A, = 0
gpu_min_IDLE_CORE_N, = 6
gpu_min_constant_power = 0

Accumulative Power Statistics Over Previous Kernels:
gpu_tot_avg_power = 77.578
gpu_tot_max_power = 87.2349
gpu_tot_min_power = 34.5722


