kernel_name = _Z14calculate_tempiPfS_S_iiiiffffff 
kernel_launch_uid = 1 

Kernel Average Power Data:
kernel_avg_power = 82.8825
gpu_avg_IBP, = 0.189453
gpu_avg_ICP, = 0
gpu_avg_DCP, = 0
gpu_avg_TCP, = 0
gpu_avg_CCP, = 0
gpu_avg_SHRDP, = 0.290066
gpu_avg_RFP, = 4.66756
gpu_avg_INTP, = 3.20575
gpu_avg_FPUP, = 0.884588
gpu_avg_DPUP, = 0.343343
gpu_avg_INT_MUL24P, = 0
gpu_avg_INT_MUL32P, = 0
gpu_avg_INT_MULP, = 0.330307
gpu_avg_INT_DIVP, = 0
gpu_avg_FP_MULP, = 0.222027
gpu_avg_FP_DIVP, = 0
gpu_avg_FP_SQRTP, = 0
gpu_avg_FP_LGP, = 0
gpu_avg_FP_SINP, = 0
gpu_avg_FP_EXP, = 0.251063
gpu_avg_DP_MULP, = 0.089796
gpu_avg_DP_DIVP, = 0
gpu_avg_TENSORP, = 0
gpu_avg_TEXP, = 0
gpu_avg_SCHEDP, = 0.522789
gpu_avg_L2CP, = 0.127642
gpu_avg_MCP, = 0.597852
gpu_avg_NOCP, = 0.356375
gpu_avg_DRAMP, = 1.5775
gpu_avg_PIPEP, = 0.464077
gpu_avg_IDLE_COREP, = 0.0141779
gpu_avg_CONSTP = 32.3252
gpu_avg_STATICP = 36.4229
gpu_avg_TOT_INST, = 11372.2
gpu_avg_FP_INT, = 10656.5
gpu_avg_IC_H, = 0
gpu_avg_IC_M, = 0
gpu_avg_DC_RH, = 0
gpu_avg_DC_RM, = 0
gpu_avg_DC_WH, = 0
gpu_avg_DC_WM, = 0
gpu_avg_TC_H, = 0
gpu_avg_TC_M, = 0
gpu_avg_CC_H, = 0
gpu_avg_CC_M, = 0
gpu_avg_SHRD_ACC, = 908.947
gpu_avg_REG_RD, = 441953
gpu_avg_REG_WR, = 253673
gpu_avg_NON_REG_OPs, = 0
gpu_avg_INT_ACC, = 2.44911e+06
gpu_avg_FPU_ACC, = 16555.7
gpu_avg_DPU_ACC, = 6425.92
gpu_avg_INT_MUL24_ACC, = 0
gpu_avg_INT_MUL32_ACC, = 0
gpu_avg_INT_MUL_ACC, = 3013.7
gpu_avg_INT_DIV_ACC, = 0
gpu_avg_FP_MUL_ACC, = 2025.76
gpu_avg_FP_DIV_ACC, = 0
gpu_avg_FP_SQRT_ACC, = 0
gpu_avg_FP_LG_ACC, = 0
gpu_avg_FP_SIN_ACC, = 0
gpu_avg_FP_EXP_ACC, = 2290.68
gpu_avg_DP_MUL_ACC, = 819.293
gpu_avg_DP_DIV_ACC, = 0
gpu_avg_TENSOR_ACC, = 0
gpu_avg_TEX_ACC, = 0
gpu_avg_MEM_RD, = 219.92
gpu_avg_MEM_WR, = 82.6165
gpu_avg_MEM_PRE, = 67.7302
gpu_avg_L2_RH, = 364.082
gpu_avg_L2_RM, = 219.92
gpu_avg_L2_WH, = 0
gpu_avg_L2_WM, = 146.229
gpu_avg_NOC_A, = 1460.49
gpu_avg_PIPE_A, = 0.436362
gpu_avg_IDLE_CORE_N, = 0.0501353
gpu_avg_constant_power = 0
gpu_avg_threads_per_warp = 30.214
gpu_tot_TOT_INST, = 1.36126e+07
gpu_tot_FP_INT, = 1.27558e+07
gpu_tot_IC_H, = 0
gpu_tot_IC_M, = 0
gpu_tot_DC_RH, = 0
gpu_tot_DC_RM, = 0
gpu_tot_DC_WH, = 0
gpu_tot_DC_WM, = 0
gpu_tot_TC_H, = 0
gpu_tot_TC_M, = 0
gpu_tot_CC_H, = 0
gpu_tot_CC_M, = 0
gpu_tot_SHRD_ACC, = 1.08801e+06
gpu_tot_REG_RD, = 5.29018e+08
gpu_tot_REG_WR, = 3.03647e+08
gpu_tot_NON_REG_OPs, = 0
gpu_tot_INT_ACC, = 2.93159e+09
gpu_tot_FPU_ACC, = 1.98172e+07
gpu_tot_DPU_ACC, = 7.69183e+06
gpu_tot_INT_MUL24_ACC, = 0
gpu_tot_INT_MUL32_ACC, = 0
gpu_tot_INT_MUL_ACC, = 3.60739e+06
gpu_tot_INT_DIV_ACC, = 0
gpu_tot_FP_MUL_ACC, = 2.42484e+06
gpu_tot_FP_DIV_ACC, = 0
gpu_tot_FP_SQRT_ACC, = 0
gpu_tot_FP_LG_ACC, = 0
gpu_tot_FP_SIN_ACC, = 0
gpu_tot_FP_EXP_ACC, = 2.74194e+06
gpu_tot_DP_MUL_ACC, = 980693
gpu_tot_DP_DIV_ACC, = 0
gpu_tot_TENSOR_ACC, = 0
gpu_tot_TEX_ACC, = 0
gpu_tot_MEM_RD, = 263244
gpu_tot_MEM_WR, = 98892
gpu_tot_MEM_PRE, = 81073
gpu_tot_L2_RH, = 435806
gpu_tot_L2_RM, = 263244
gpu_tot_L2_WH, = 0
gpu_tot_L2_WM, = 175036
gpu_tot_NOC_A, = 1.7482e+06
gpu_tot_PIPE_A, = 522.325
gpu_tot_IDLE_CORE_N, = 60.012
gpu_tot_constant_power = 0

Kernel Maximum Power Data:
kernel_max_power = 90.3096
gpu_max_IBP, = 0.190149
gpu_max_ICP, = 0
gpu_max_DCP, = 0
gpu_max_TCP, = 0
gpu_max_CCP, = 0
gpu_max_SHRDP, = 0.0998854
gpu_max_RFP, = 5.35381
gpu_max_INTP, = 4.08432
gpu_max_FPUP, = 0.446473
gpu_max_DPUP, = 0
gpu_max_INT_MUL24P, = 0
gpu_max_INT_MUL32P, = 0
gpu_max_INT_MULP, = 0.52115
gpu_max_INT_DIVP, = 0
gpu_max_FP_MULP, = 0.312076
gpu_max_FP_DIVP, = 0
gpu_max_FP_SQRTP, = 0
gpu_max_FP_LGP, = 0
gpu_max_FP_SINP, = 0
gpu_max_FP_EXP, = 0.267924
gpu_max_DP_MULP, = 0
gpu_max_DP_DIVP, = 0
gpu_max_TENSORP, = 0
gpu_max_TEXP, = 0
gpu_max_SCHEDP, = 0.524089
gpu_max_L2CP, = 0.207196
gpu_max_MCP, = 0.713734
gpu_max_NOCP, = 0.825733
gpu_max_DRAMP, = 6.48177
gpu_max_PIPEP, = 0.497642
gpu_max_IDLE_COREP, = 0
gpu_max_CONSTP = 32.3252
gpu_max_STATICP = 37.4584
gpu_max_TOT_INST, = 11414
gpu_max_FP_INT, = 10683
gpu_max_IC_H, = 0
gpu_max_IC_M, = 0
gpu_max_DC_RH, = 0
gpu_max_DC_RM, = 0
gpu_max_DC_WH, = 0
gpu_max_DC_WM, = 0
gpu_max_TC_H, = 0
gpu_max_TC_M, = 0
gpu_max_CC_H, = 0
gpu_max_CC_M, = 0
gpu_max_SHRD_ACC, = 313
gpu_max_REG_RD, = 468064
gpu_max_REG_WR, = 336448
gpu_max_NON_REG_OPs, = 0
gpu_max_INT_ACC, = 3.12032e+06
gpu_max_FPU_ACC, = 8356.09
gpu_max_DPU_ACC, = 0
gpu_max_INT_MUL24_ACC, = 0
gpu_max_INT_MUL32_ACC, = 0
gpu_max_INT_MUL_ACC, = 4754.93
gpu_max_INT_DIV_ACC, = 0
gpu_max_FP_MUL_ACC, = 2847.36
gpu_max_FP_DIV_ACC, = 0
gpu_max_FP_SQRT_ACC, = 0
gpu_max_FP_LG_ACC, = 0
gpu_max_FP_SIN_ACC, = 0
gpu_max_FP_EXP_ACC, = 2444.52
gpu_max_DP_MUL_ACC, = 0
gpu_max_DP_DIV_ACC, = 0
gpu_max_TENSOR_ACC, = 0
gpu_max_TEX_ACC, = 0
gpu_max_MEM_RD, = 1099
gpu_max_MEM_WR, = 0
gpu_max_MEM_PRE, = 236
gpu_max_L2_RH, = 1002
gpu_max_L2_RM, = 934
gpu_max_L2_WH, = 0
gpu_max_L2_WM, = 0
gpu_max_NOC_A, = 3384
gpu_max_PIPE_A, = 0.467922
gpu_max_IDLE_CORE_N, = 0
gpu_max_constant_power = 0

Kernel Minimum Power Data:
kernel_min_power = 34.5722
gpu_min_IBP, = 0
gpu_min_ICP, = 0
gpu_min_DCP, = 0
gpu_min_TCP, = 0
gpu_min_CCP, = 0
gpu_min_SHRDP, = 0
gpu_min_RFP, = 0
gpu_min_INTP, = 0
gpu_min_FPUP, = 0
gpu_min_DPUP, = 0
gpu_min_INT_MUL24P, = 0
gpu_min_INT_MUL32P, = 0
gpu_min_INT_MULP, = 0
gpu_min_INT_DIVP, = 0
gpu_min_FP_MULP, = 0
gpu_min_FP_DIVP, = 0
gpu_min_FP_SQRTP, = 0
gpu_min_FP_LGP, = 0
gpu_min_FP_SINP, = 0
gpu_min_FP_EXP, = 0
gpu_min_DP_MULP, = 0
gpu_min_DP_DIVP, = 0
gpu_min_TENSORP, = 0
gpu_min_TEXP, = 0
gpu_min_SCHEDP, = 0
gpu_min_L2CP, = 0
gpu_min_MCP, = 0.55022
gpu_min_NOCP, = 0
gpu_min_DRAMP, = 0
gpu_min_PIPEP, = 0
gpu_min_IDLE_COREP, = 1.69675
gpu_min_CONSTP = 32.3252
gpu_min_STATICP = 0
gpu_min_TOT_INST, = 0
gpu_min_FP_INT, = 0
gpu_min_IC_H, = 0
gpu_min_IC_M, = 0
gpu_min_DC_RH, = 0
gpu_min_DC_RM, = 0
gpu_min_DC_WH, = 0
gpu_min_DC_WM, = 0
gpu_min_TC_H, = 0
gpu_min_TC_M, = 0
gpu_min_CC_H, = 0
gpu_min_CC_M, = 0
gpu_min_SHRD_ACC, = 0
gpu_min_REG_RD, = 0
gpu_min_REG_WR, = 0
gpu_min_NON_REG_OPs, = 0
gpu_min_INT_ACC, = 0
gpu_min_FPU_ACC, = 0
gpu_min_DPU_ACC, = 0
gpu_min_INT_MUL24_ACC, = 0
gpu_min_INT_MUL32_ACC, = 0
gpu_min_INT_MUL_ACC, = 0
gpu_min_INT_DIV_ACC, = 0
gpu_min_FP_MUL_ACC, = 0
gpu_min_FP_DIV_ACC, = 0
gpu_min_FP_SQRT_ACC, = 0
gpu_min_FP_LG_ACC, = 0
gpu_min_FP_SIN_ACC, = 0
gpu_min_FP_EXP_ACC, = 0
gpu_min_DP_MUL_ACC, = 0
gpu_min_DP_DIV_ACC, = 0
gpu_min_TENSOR_ACC, = 0
gpu_min_TEX_ACC, = 0
gpu_min_MEM_RD, = 0
gpu_min_MEM_WR, = 0
gpu_min_MEM_PRE, = 0
gpu_min_L2_RH, = 0
gpu_min_L2_RM, = 0
gpu_min_L2_WH, = 0
gpu_min_L2_WM, = 0
gpu_min_NOC_A, = 0
gpu_min_PIPE_A, = 0
gpu_min_IDLE_CORE_N, = 6
gpu_min_constant_power = 0

Accumulative Power Statistics Over Previous Kernels:
gpu_tot_avg_power = 82.8825
gpu_tot_max_power = 90.3096
gpu_tot_min_power = 34.5722


