kernel_name = _Z9mysgemmNTPKfiS0_iPfiiff 
kernel_launch_uid = 1 

Kernel Average Power Data:
kernel_avg_power = 85.7725
gpu_avg_IBP, = 0.141875
gpu_avg_ICP, = 0
gpu_avg_DCP, = 0
gpu_avg_TCP, = 0
gpu_avg_CCP, = 0
gpu_avg_SHRDP, = 0.396372
gpu_avg_RFP, = 5.83559
gpu_avg_INTP, = 0.6757
gpu_avg_FPUP, = 0
gpu_avg_DPUP, = 0
gpu_avg_INT_MUL24P, = 0
gpu_avg_INT_MUL32P, = 0
gpu_avg_INT_MULP, = 0.2295
gpu_avg_INT_DIVP, = 0
gpu_avg_FP_MULP, = 1.51562
gpu_avg_FP_DIVP, = 0
gpu_avg_FP_SQRTP, = 0
gpu_avg_FP_LGP, = 0
gpu_avg_FP_SINP, = 0
gpu_avg_FP_EXP, = 0
gpu_avg_DP_MULP, = 0
gpu_avg_DP_DIVP, = 0
gpu_avg_TENSORP, = 0
gpu_avg_TEXP, = 0
gpu_avg_SCHEDP, = 0.397394
gpu_avg_L2CP, = 0.164802
gpu_avg_MCP, = 0.649785
gpu_avg_NOCP, = 0.680221
gpu_avg_DRAMP, = 3.85602
gpu_avg_PIPEP, = 0.377357
gpu_avg_IDLE_COREP, = 0.00420603
gpu_avg_CONSTP = 32.3252
gpu_avg_STATICP = 38.5228
gpu_avg_TOT_INST, = 8516.3
gpu_avg_FP_INT, = 8100.45
gpu_avg_IC_H, = 0
gpu_avg_IC_M, = 0
gpu_avg_DC_RH, = 0
gpu_avg_DC_RM, = 0
gpu_avg_DC_WH, = 0
gpu_avg_DC_WM, = 0
gpu_avg_TC_H, = 0
gpu_avg_TC_M, = 0
gpu_avg_CC_H, = 0
gpu_avg_CC_M, = 0
gpu_avg_SHRD_ACC, = 1242.07
gpu_avg_REG_RD, = 579117
gpu_avg_REG_WR, = 286068
gpu_avg_NON_REG_OPs, = 0
gpu_avg_INT_ACC, = 516217
gpu_avg_FPU_ACC, = 0
gpu_avg_DPU_ACC, = 0
gpu_avg_INT_MUL24_ACC, = 0
gpu_avg_INT_MUL32_ACC, = 0
gpu_avg_INT_MUL_ACC, = 2093.94
gpu_avg_INT_DIV_ACC, = 0
gpu_avg_FP_MUL_ACC, = 13828.4
gpu_avg_FP_DIV_ACC, = 0
gpu_avg_FP_SQRT_ACC, = 0
gpu_avg_FP_LG_ACC, = 0
gpu_avg_FP_SIN_ACC, = 0
gpu_avg_FP_EXP_ACC, = 0
gpu_avg_DP_MUL_ACC, = 0
gpu_avg_DP_DIV_ACC, = 0
gpu_avg_TENSOR_ACC, = 0
gpu_avg_TEX_ACC, = 0
gpu_avg_MEM_RD, = 647.373
gpu_avg_MEM_WR, = 17.9845
gpu_avg_MEM_PRE, = 118.926
gpu_avg_L2_RH, = 727.036
gpu_avg_L2_RM, = 647.373
gpu_avg_L2_WH, = 19.424
gpu_avg_L2_WM, = 0
gpu_avg_NOC_A, = 2787.67
gpu_avg_PIPE_A, = 0.35482
gpu_avg_IDLE_CORE_N, = 0.0148732
gpu_avg_constant_power = 0
gpu_avg_threads_per_warp = 31.954
gpu_tot_TOT_INST, = 5.92564e+07
gpu_tot_FP_INT, = 5.63629e+07
gpu_tot_IC_H, = 0
gpu_tot_IC_M, = 0
gpu_tot_DC_RH, = 0
gpu_tot_DC_RM, = 0
gpu_tot_DC_WH, = 0
gpu_tot_DC_WM, = 0
gpu_tot_TC_H, = 0
gpu_tot_TC_M, = 0
gpu_tot_CC_H, = 0
gpu_tot_CC_M, = 0
gpu_tot_SHRD_ACC, = 8.6423e+06
gpu_tot_REG_RD, = 4.02949e+09
gpu_tot_REG_WR, = 1.99046e+09
gpu_tot_NON_REG_OPs, = 0
gpu_tot_INT_ACC, = 3.59184e+09
gpu_tot_FPU_ACC, = 0
gpu_tot_DPU_ACC, = 0
gpu_tot_INT_MUL24_ACC, = 0
gpu_tot_INT_MUL32_ACC, = 0
gpu_tot_INT_MUL_ACC, = 1.45697e+07
gpu_tot_INT_DIV_ACC, = 0
gpu_tot_FP_MUL_ACC, = 9.62179e+07
gpu_tot_FP_DIV_ACC, = 0
gpu_tot_FP_SQRT_ACC, = 0
gpu_tot_FP_LG_ACC, = 0
gpu_tot_FP_SIN_ACC, = 0
gpu_tot_FP_EXP_ACC, = 0
gpu_tot_DP_MUL_ACC, = 0
gpu_tot_DP_DIV_ACC, = 0
gpu_tot_TENSOR_ACC, = 0
gpu_tot_TEX_ACC, = 0
gpu_tot_MEM_RD, = 4.50442e+06
gpu_tot_MEM_WR, = 125136
gpu_tot_MEM_PRE, = 827490
gpu_tot_L2_RH, = 5.05872e+06
gpu_tot_L2_RM, = 4.50442e+06
gpu_tot_L2_WH, = 135152
gpu_tot_L2_WM, = 0
gpu_tot_NOC_A, = 1.93966e+07
gpu_tot_PIPE_A, = 2468.84
gpu_tot_IDLE_CORE_N, = 103.488
gpu_tot_constant_power = 0

Kernel Maximum Power Data:
kernel_max_power = 88.8311
gpu_max_IBP, = 0.147301
gpu_max_ICP, = 0
gpu_max_DCP, = 0
gpu_max_TCP, = 0
gpu_max_CCP, = 0
gpu_max_SHRDP, = 0.409754
gpu_max_RFP, = 6.11992
gpu_max_INTP, = 0.704994
gpu_max_FPUP, = 0
gpu_max_DPUP, = 0
gpu_max_INT_MUL24P, = 0
gpu_max_INT_MUL32P, = 0
gpu_max_INT_MULP, = 0.206684
gpu_max_INT_DIVP, = 0
gpu_max_FP_MULP, = 1.62192
gpu_max_FP_DIVP, = 0
gpu_max_FP_SQRTP, = 0
gpu_max_FP_LGP, = 0
gpu_max_FP_SINP, = 0
gpu_max_FP_EXP, = 0
gpu_max_DP_MULP, = 0
gpu_max_DP_DIVP, = 0
gpu_max_TENSORP, = 0
gpu_max_TEXP, = 0
gpu_max_SCHEDP, = 0.413021
gpu_max_L2CP, = 0.179806
gpu_max_MCP, = 0.711602
gpu_max_NOCP, = 0.743013
gpu_max_DRAMP, = 6.23882
gpu_max_PIPEP, = 0.388981
gpu_max_IDLE_COREP, = 0
gpu_max_CONSTP = 32.3252
gpu_max_STATICP = 38.6201
gpu_max_TOT_INST, = 8842
gpu_max_FP_INT, = 8419
gpu_max_IC_H, = 0
gpu_max_IC_M, = 0
gpu_max_DC_RH, = 0
gpu_max_DC_RM, = 0
gpu_max_DC_WH, = 0
gpu_max_DC_WM, = 0
gpu_max_TC_H, = 0
gpu_max_TC_M, = 0
gpu_max_CC_H, = 0
gpu_max_CC_M, = 0
gpu_max_SHRD_ACC, = 1284
gpu_max_REG_RD, = 609280
gpu_max_REG_WR, = 297728
gpu_max_NON_REG_OPs, = 0
gpu_max_INT_ACC, = 538597
gpu_max_FPU_ACC, = 0
gpu_max_DPU_ACC, = 0
gpu_max_INT_MUL24_ACC, = 0
gpu_max_INT_MUL32_ACC, = 0
gpu_max_INT_MUL_ACC, = 1885.77
gpu_max_INT_DIV_ACC, = 0
gpu_max_FP_MUL_ACC, = 14798.2
gpu_max_FP_DIV_ACC, = 0
gpu_max_FP_SQRT_ACC, = 0
gpu_max_FP_LG_ACC, = 0
gpu_max_FP_SIN_ACC, = 0
gpu_max_FP_EXP_ACC, = 0
gpu_max_DP_MUL_ACC, = 0
gpu_max_DP_DIV_ACC, = 0
gpu_max_TENSOR_ACC, = 0
gpu_max_TEX_ACC, = 0
gpu_max_MEM_RD, = 1041
gpu_max_MEM_WR, = 36
gpu_max_MEM_PRE, = 208
gpu_max_L2_RH, = 657
gpu_max_L2_RM, = 943
gpu_max_L2_WH, = 52
gpu_max_L2_WM, = 0
gpu_max_NOC_A, = 3045
gpu_max_PIPE_A, = 0.36575
gpu_max_IDLE_CORE_N, = 0
gpu_max_constant_power = 0

Kernel Minimum Power Data:
kernel_min_power = 34.5722
gpu_min_IBP, = 0
gpu_min_ICP, = 0
gpu_min_DCP, = 0
gpu_min_TCP, = 0
gpu_min_CCP, = 0
gpu_min_SHRDP, = 0
gpu_min_RFP, = 0
gpu_min_INTP, = 0
gpu_min_FPUP, = 0
gpu_min_DPUP, = 0
gpu_min_INT_MUL24P, = 0
gpu_min_INT_MUL32P, = 0
gpu_min_INT_MULP, = 0
gpu_min_INT_DIVP, = 0
gpu_min_FP_MULP, = 0
gpu_min_FP_DIVP, = 0
gpu_min_FP_SQRTP, = 0
gpu_min_FP_LGP, = 0
gpu_min_FP_SINP, = 0
gpu_min_FP_EXP, = 0
gpu_min_DP_MULP, = 0
gpu_min_DP_DIVP, = 0
gpu_min_TENSORP, = 0
gpu_min_TEXP, = 0
gpu_min_SCHEDP, = 0
gpu_min_L2CP, = 0
gpu_min_MCP, = 0.55022
gpu_min_NOCP, = 0
gpu_min_DRAMP, = 0
gpu_min_PIPEP, = 0
gpu_min_IDLE_COREP, = 1.69675
gpu_min_CONSTP = 32.3252
gpu_min_STATICP = 0
gpu_min_TOT_INST, = 0
gpu_min_FP_INT, = 0
gpu_min_IC_H, = 0
gpu_min_IC_M, = 0
gpu_min_DC_RH, = 0
gpu_min_DC_RM, = 0
gpu_min_DC_WH, = 0
gpu_min_DC_WM, = 0
gpu_min_TC_H, = 0
gpu_min_TC_M, = 0
gpu_min_CC_H, = 0
gpu_min_CC_M, = 0
gpu_min_SHRD_ACC, = 0
gpu_min_REG_RD, = 0
gpu_min_REG_WR, = 0
gpu_min_NON_REG_OPs, = 0
gpu_min_INT_ACC, = 0
gpu_min_FPU_ACC, = 0
gpu_min_DPU_ACC, = 0
gpu_min_INT_MUL24_ACC, = 0
gpu_min_INT_MUL32_ACC, = 0
gpu_min_INT_MUL_ACC, = 0
gpu_min_INT_DIV_ACC, = 0
gpu_min_FP_MUL_ACC, = 0
gpu_min_FP_DIV_ACC, = 0
gpu_min_FP_SQRT_ACC, = 0
gpu_min_FP_LG_ACC, = 0
gpu_min_FP_SIN_ACC, = 0
gpu_min_FP_EXP_ACC, = 0
gpu_min_DP_MUL_ACC, = 0
gpu_min_DP_DIV_ACC, = 0
gpu_min_TENSOR_ACC, = 0
gpu_min_TEX_ACC, = 0
gpu_min_MEM_RD, = 0
gpu_min_MEM_WR, = 0
gpu_min_MEM_PRE, = 0
gpu_min_L2_RH, = 0
gpu_min_L2_RM, = 0
gpu_min_L2_WH, = 0
gpu_min_L2_WM, = 0
gpu_min_NOC_A, = 0
gpu_min_PIPE_A, = 0
gpu_min_IDLE_CORE_N, = 6
gpu_min_constant_power = 0

Accumulative Power Statistics Over Previous Kernels:
gpu_tot_avg_power = 85.7725
gpu_tot_max_power = 88.8311
gpu_tot_min_power = 34.5722


